{"/Users/julenhopp/Desktop/School/proyecto_integrador/ferreteria_sap/backend/src/controllers/authController.js": {"path":"/Users/julenhopp/Desktop/School/proyecto_integrador/ferreteria_sap/backend/src/controllers/authController.js","statementMap":{"0":{"start":{"line":1,"column":15},"end":{"line":1,"column":32}},"1":{"start":{"line":2,"column":12},"end":{"line":2,"column":35}},"2":{"start":{"line":3,"column":22},"end":{"line":3,"column":56}},"3":{"start":{"line":4,"column":0},"end":{"line":4,"column":27}},"4":{"start":{"line":6,"column":19},"end":{"line":6,"column":42}},"5":{"start":{"line":8,"column":0},"end":{"line":19,"column":2}},"6":{"start":{"line":9,"column":33},"end":{"line":9,"column":41}},"7":{"start":{"line":11,"column":15},"end":{"line":11,"column":53}},"8":{"start":{"line":12,"column":2},"end":{"line":12,"column":87}},"9":{"start":{"line":12,"column":13},"end":{"line":12,"column":87}},"10":{"start":{"line":14,"column":16},"end":{"line":14,"column":65}},"11":{"start":{"line":15,"column":2},"end":{"line":15,"column":88}},"12":{"start":{"line":15,"column":14},"end":{"line":15,"column":88}},"13":{"start":{"line":17,"column":16},"end":{"line":17,"column":116}},"14":{"start":{"line":18,"column":2},"end":{"line":18,"column":68}}},"fnMap":{"0":{"name":"(anonymous_0)","decl":{"start":{"line":8,"column":16},"end":{"line":8,"column":17}},"loc":{"start":{"line":8,"column":36},"end":{"line":19,"column":1}},"line":8}},"branchMap":{"0":{"loc":{"start":{"line":12,"column":2},"end":{"line":12,"column":87}},"type":"if","locations":[{"start":{"line":12,"column":2},"end":{"line":12,"column":87}},{"start":{},"end":{}}],"line":12},"1":{"loc":{"start":{"line":15,"column":2},"end":{"line":15,"column":88}},"type":"if","locations":[{"start":{"line":15,"column":2},"end":{"line":15,"column":88}},{"start":{},"end":{}}],"line":15}},"s":{"0":1,"1":1,"2":1,"3":1,"4":1,"5":1,"6":3,"7":3,"8":3,"9":1,"10":2,"11":2,"12":1,"13":1,"14":1},"f":{"0":3},"b":{"0":[1,2],"1":[1,1]},"_coverageSchema":"1a1c01bbd47fc00a2c39e90264f33305004495a9","hash":"414cdd5eb7198a3e06259fbf7b0ceefc37d807a0"}
,"/Users/julenhopp/Desktop/School/proyecto_integrador/ferreteria_sap/backend/src/controllers/inventarioController.js": {"path":"/Users/julenhopp/Desktop/School/proyecto_integrador/ferreteria_sap/backend/src/controllers/inventarioController.js","statementMap":{"0":{"start":{"line":1,"column":24},"end":{"line":1,"column":60}},"1":{"start":{"line":3,"column":29},"end":{"line":111,"column":1}},"2":{"start":{"line":5,"column":4},"end":{"line":10,"column":5}},"3":{"start":{"line":6,"column":25},"end":{"line":6,"column":55}},"4":{"start":{"line":7,"column":6},"end":{"line":7,"column":39}},"5":{"start":{"line":9,"column":6},"end":{"line":9,"column":51}},"6":{"start":{"line":14,"column":4},"end":{"line":19,"column":5}},"7":{"start":{"line":15,"column":25},"end":{"line":15,"column":66}},"8":{"start":{"line":16,"column":6},"end":{"line":16,"column":38}},"9":{"start":{"line":18,"column":6},"end":{"line":18,"column":49}},"10":{"start":{"line":23,"column":4},"end":{"line":31,"column":5}},"11":{"start":{"line":24,"column":51},"end":{"line":24,"column":59}},"12":{"start":{"line":25,"column":6},"end":{"line":25,"column":73}},"13":{"start":{"line":26,"column":6},"end":{"line":28,"column":74}},"14":{"start":{"line":30,"column":6},"end":{"line":30,"column":51}},"15":{"start":{"line":35,"column":4},"end":{"line":47,"column":5}},"16":{"start":{"line":36,"column":42},"end":{"line":36,"column":50}},"17":{"start":{"line":38,"column":6},"end":{"line":39,"column":71}},"18":{"start":{"line":39,"column":8},"end":{"line":39,"column":71}},"19":{"start":{"line":41,"column":6},"end":{"line":41,"column":71}},"20":{"start":{"line":42,"column":6},"end":{"line":44,"column":78}},"21":{"start":{"line":46,"column":6},"end":{"line":46,"column":51}},"22":{"start":{"line":51,"column":4},"end":{"line":63,"column":5}},"23":{"start":{"line":52,"column":43},"end":{"line":52,"column":51}},"24":{"start":{"line":54,"column":6},"end":{"line":56,"column":7}},"25":{"start":{"line":55,"column":8},"end":{"line":55,"column":72}},"26":{"start":{"line":57,"column":6},"end":{"line":57,"column":73}},"27":{"start":{"line":58,"column":6},"end":{"line":60,"column":73}},"28":{"start":{"line":62,"column":6},"end":{"line":62,"column":49}},"29":{"start":{"line":67,"column":4},"end":{"line":109,"column":5}},"30":{"start":{"line":77,"column":10},"end":{"line":77,"column":18}},"31":{"start":{"line":79,"column":6},"end":{"line":92,"column":7}},"32":{"start":{"line":89,"column":8},"end":{"line":91,"column":11}},"33":{"start":{"line":94,"column":6},"end":{"line":103,"column":9}},"34":{"start":{"line":105,"column":6},"end":{"line":105,"column":92}},"35":{"start":{"line":107,"column":6},"end":{"line":107,"column":66}},"36":{"start":{"line":108,"column":6},"end":{"line":108,"column":105}},"37":{"start":{"line":113,"column":0},"end":{"line":113,"column":38}}},"fnMap":{"0":{"name":"(anonymous_0)","decl":{"start":{"line":4,"column":20},"end":{"line":4,"column":21}},"loc":{"start":{"line":4,"column":40},"end":{"line":11,"column":3}},"line":4},"1":{"name":"(anonymous_1)","decl":{"start":{"line":13,"column":31},"end":{"line":13,"column":32}},"loc":{"start":{"line":13,"column":51},"end":{"line":20,"column":3}},"line":13},"2":{"name":"(anonymous_2)","decl":{"start":{"line":22,"column":20},"end":{"line":22,"column":21}},"loc":{"start":{"line":22,"column":40},"end":{"line":32,"column":3}},"line":22},"3":{"name":"(anonymous_3)","decl":{"start":{"line":34,"column":18},"end":{"line":34,"column":19}},"loc":{"start":{"line":34,"column":38},"end":{"line":48,"column":3}},"line":34},"4":{"name":"(anonymous_4)","decl":{"start":{"line":50,"column":19},"end":{"line":50,"column":20}},"loc":{"start":{"line":50,"column":39},"end":{"line":64,"column":3}},"line":50},"5":{"name":"(anonymous_5)","decl":{"start":{"line":66,"column":31},"end":{"line":66,"column":32}},"loc":{"start":{"line":66,"column":51},"end":{"line":110,"column":3}},"line":66}},"branchMap":{"0":{"loc":{"start":{"line":38,"column":6},"end":{"line":39,"column":71}},"type":"if","locations":[{"start":{"line":38,"column":6},"end":{"line":39,"column":71}},{"start":{},"end":{}}],"line":38},"1":{"loc":{"start":{"line":38,"column":10},"end":{"line":38,"column":53}},"type":"binary-expr","locations":[{"start":{"line":38,"column":10},"end":{"line":38,"column":24}},{"start":{"line":38,"column":28},"end":{"line":38,"column":37}},{"start":{"line":38,"column":41},"end":{"line":38,"column":53}}],"line":38},"2":{"loc":{"start":{"line":54,"column":6},"end":{"line":56,"column":7}},"type":"if","locations":[{"start":{"line":54,"column":6},"end":{"line":56,"column":7}},{"start":{},"end":{}}],"line":54},"3":{"loc":{"start":{"line":54,"column":10},"end":{"line":54,"column":38}},"type":"binary-expr","locations":[{"start":{"line":54,"column":10},"end":{"line":54,"column":24}},{"start":{"line":54,"column":28},"end":{"line":54,"column":38}}],"line":54},"4":{"loc":{"start":{"line":79,"column":6},"end":{"line":92,"column":7}},"type":"if","locations":[{"start":{"line":79,"column":6},"end":{"line":92,"column":7}},{"start":{},"end":{}}],"line":79},"5":{"loc":{"start":{"line":80,"column":8},"end":{"line":87,"column":31}},"type":"binary-expr","locations":[{"start":{"line":80,"column":8},"end":{"line":80,"column":29}},{"start":{"line":81,"column":8},"end":{"line":81,"column":27}},{"start":{"line":82,"column":8},"end":{"line":82,"column":22}},{"start":{"line":83,"column":8},"end":{"line":83,"column":28}},{"start":{"line":84,"column":8},"end":{"line":84,"column":24}},{"start":{"line":85,"column":8},"end":{"line":85,"column":27}},{"start":{"line":86,"column":8},"end":{"line":86,"column":25}},{"start":{"line":87,"column":8},"end":{"line":87,"column":31}}],"line":80}},"s":{"0":1,"1":1,"2":1,"3":1,"4":1,"5":0,"6":1,"7":1,"8":1,"9":0,"10":1,"11":1,"12":1,"13":1,"14":0,"15":2,"16":2,"17":2,"18":1,"19":2,"20":2,"21":0,"22":2,"23":2,"24":2,"25":1,"26":2,"27":2,"28":0,"29":2,"30":2,"31":2,"32":1,"33":1,"34":1,"35":0,"36":0,"37":1},"f":{"0":1,"1":1,"2":1,"3":2,"4":2,"5":2},"b":{"0":[1,1],"1":[2,2,2],"2":[1,1],"3":[2,2],"4":[1,1],"5":[2,1,1,1,1,1,1,1]},"_coverageSchema":"1a1c01bbd47fc00a2c39e90264f33305004495a9","hash":"aebf3e461e45359061a3b87f21f9185452e696fa"}
,"/Users/julenhopp/Desktop/School/proyecto_integrador/ferreteria_sap/backend/src/controllers/ordenesController.js": {"path":"/Users/julenhopp/Desktop/School/proyecto_integrador/ferreteria_sap/backend/src/controllers/ordenesController.js","statementMap":{"0":{"start":{"line":1,"column":21},"end":{"line":1,"column":54}},"1":{"start":{"line":3,"column":26},"end":{"line":81,"column":1}},"2":{"start":{"line":5,"column":4},"end":{"line":10,"column":5}},"3":{"start":{"line":6,"column":22},"end":{"line":6,"column":49}},"4":{"start":{"line":7,"column":6},"end":{"line":7,"column":36}},"5":{"start":{"line":9,"column":6},"end":{"line":9,"column":51}},"6":{"start":{"line":14,"column":4},"end":{"line":19,"column":5}},"7":{"start":{"line":15,"column":33},"end":{"line":15,"column":71}},"8":{"start":{"line":16,"column":6},"end":{"line":16,"column":47}},"9":{"start":{"line":18,"column":6},"end":{"line":18,"column":49}},"10":{"start":{"line":23,"column":4},"end":{"line":29,"column":5}},"11":{"start":{"line":24,"column":20},"end":{"line":24,"column":61}},"12":{"start":{"line":25,"column":6},"end":{"line":25,"column":80}},"13":{"start":{"line":25,"column":18},"end":{"line":25,"column":80}},"14":{"start":{"line":26,"column":6},"end":{"line":26,"column":34}},"15":{"start":{"line":28,"column":6},"end":{"line":28,"column":51}},"16":{"start":{"line":33,"column":4},"end":{"line":39,"column":5}},"17":{"start":{"line":34,"column":25},"end":{"line":34,"column":33}},"18":{"start":{"line":35,"column":6},"end":{"line":35,"column":44}},"19":{"start":{"line":36,"column":6},"end":{"line":36,"column":70}},"20":{"start":{"line":38,"column":6},"end":{"line":38,"column":51}},"21":{"start":{"line":43,"column":4},"end":{"line":49,"column":5}},"22":{"start":{"line":44,"column":22},"end":{"line":44,"column":72}},"23":{"start":{"line":45,"column":6},"end":{"line":45,"column":82}},"24":{"start":{"line":45,"column":20},"end":{"line":45,"column":82}},"25":{"start":{"line":46,"column":6},"end":{"line":46,"column":75}},"26":{"start":{"line":48,"column":6},"end":{"line":48,"column":51}},"27":{"start":{"line":53,"column":4},"end":{"line":60,"column":5}},"28":{"start":{"line":54,"column":28},"end":{"line":54,"column":36}},"29":{"start":{"line":55,"column":22},"end":{"line":55,"column":79}},"30":{"start":{"line":56,"column":6},"end":{"line":56,"column":82}},"31":{"start":{"line":56,"column":20},"end":{"line":56,"column":82}},"32":{"start":{"line":57,"column":6},"end":{"line":57,"column":76}},"33":{"start":{"line":59,"column":6},"end":{"line":59,"column":51}},"34":{"start":{"line":64,"column":4},"end":{"line":70,"column":5}},"35":{"start":{"line":65,"column":22},"end":{"line":65,"column":62}},"36":{"start":{"line":66,"column":6},"end":{"line":66,"column":82}},"37":{"start":{"line":66,"column":20},"end":{"line":66,"column":82}},"38":{"start":{"line":67,"column":6},"end":{"line":67,"column":73}},"39":{"start":{"line":69,"column":6},"end":{"line":69,"column":51}},"40":{"start":{"line":74,"column":4},"end":{"line":79,"column":5}},"41":{"start":{"line":75,"column":22},"end":{"line":75,"column":67}},"42":{"start":{"line":76,"column":6},"end":{"line":76,"column":36}},"43":{"start":{"line":78,"column":6},"end":{"line":78,"column":51}},"44":{"start":{"line":83,"column":0},"end":{"line":83,"column":35}}},"fnMap":{"0":{"name":"(anonymous_0)","decl":{"start":{"line":4,"column":14},"end":{"line":4,"column":15}},"loc":{"start":{"line":4,"column":34},"end":{"line":11,"column":3}},"line":4},"1":{"name":"(anonymous_1)","decl":{"start":{"line":13,"column":25},"end":{"line":13,"column":26}},"loc":{"start":{"line":13,"column":45},"end":{"line":20,"column":3}},"line":13},"2":{"name":"(anonymous_2)","decl":{"start":{"line":22,"column":16},"end":{"line":22,"column":17}},"loc":{"start":{"line":22,"column":36},"end":{"line":30,"column":3}},"line":22},"3":{"name":"(anonymous_3)","decl":{"start":{"line":32,"column":15},"end":{"line":32,"column":16}},"loc":{"start":{"line":32,"column":35},"end":{"line":40,"column":3}},"line":32},"4":{"name":"(anonymous_4)","decl":{"start":{"line":42,"column":15},"end":{"line":42,"column":16}},"loc":{"start":{"line":42,"column":35},"end":{"line":50,"column":3}},"line":42},"5":{"name":"(anonymous_5)","decl":{"start":{"line":52,"column":16},"end":{"line":52,"column":17}},"loc":{"start":{"line":52,"column":36},"end":{"line":61,"column":3}},"line":52},"6":{"name":"(anonymous_6)","decl":{"start":{"line":63,"column":15},"end":{"line":63,"column":16}},"loc":{"start":{"line":63,"column":35},"end":{"line":71,"column":3}},"line":63},"7":{"name":"(anonymous_7)","decl":{"start":{"line":73,"column":25},"end":{"line":73,"column":26}},"loc":{"start":{"line":73,"column":45},"end":{"line":80,"column":3}},"line":73}},"branchMap":{"0":{"loc":{"start":{"line":25,"column":6},"end":{"line":25,"column":80}},"type":"if","locations":[{"start":{"line":25,"column":6},"end":{"line":25,"column":80}},{"start":{},"end":{}}],"line":25},"1":{"loc":{"start":{"line":45,"column":6},"end":{"line":45,"column":82}},"type":"if","locations":[{"start":{"line":45,"column":6},"end":{"line":45,"column":82}},{"start":{},"end":{}}],"line":45},"2":{"loc":{"start":{"line":56,"column":6},"end":{"line":56,"column":82}},"type":"if","locations":[{"start":{"line":56,"column":6},"end":{"line":56,"column":82}},{"start":{},"end":{}}],"line":56},"3":{"loc":{"start":{"line":66,"column":6},"end":{"line":66,"column":82}},"type":"if","locations":[{"start":{"line":66,"column":6},"end":{"line":66,"column":82}},{"start":{},"end":{}}],"line":66}},"s":{"0":1,"1":1,"2":1,"3":1,"4":1,"5":0,"6":1,"7":1,"8":1,"9":0,"10":2,"11":2,"12":2,"13":1,"14":1,"15":0,"16":1,"17":1,"18":1,"19":1,"20":0,"21":2,"22":2,"23":2,"24":1,"25":1,"26":0,"27":2,"28":2,"29":2,"30":2,"31":1,"32":1,"33":0,"34":2,"35":2,"36":2,"37":1,"38":1,"39":0,"40":1,"41":1,"42":1,"43":0,"44":1},"f":{"0":1,"1":1,"2":2,"3":1,"4":2,"5":2,"6":2,"7":1},"b":{"0":[1,1],"1":[1,1],"2":[1,1],"3":[1,1]},"_coverageSchema":"1a1c01bbd47fc00a2c39e90264f33305004495a9","hash":"e57217abe3b2ed8fa0886dca2d0ab1940550983e"}
,"/Users/julenhopp/Desktop/School/proyecto_integrador/ferreteria_sap/backend/src/controllers/ordenesSugeridasIaController.js": {"path":"/Users/julenhopp/Desktop/School/proyecto_integrador/ferreteria_sap/backend/src/controllers/ordenesSugeridasIaController.js","statementMap":{"0":{"start":{"line":1,"column":32},"end":{"line":1,"column":76}},"1":{"start":{"line":3,"column":37},"end":{"line":29,"column":1}},"2":{"start":{"line":5,"column":4},"end":{"line":10,"column":5}},"3":{"start":{"line":6,"column":22},"end":{"line":6,"column":60}},"4":{"start":{"line":7,"column":6},"end":{"line":7,"column":36}},"5":{"start":{"line":9,"column":6},"end":{"line":9,"column":51}},"6":{"start":{"line":14,"column":4},"end":{"line":27,"column":5}},"7":{"start":{"line":16,"column":8},"end":{"line":16,"column":16}},"8":{"start":{"line":17,"column":6},"end":{"line":23,"column":9}},"9":{"start":{"line":24,"column":6},"end":{"line":24,"column":79}},"10":{"start":{"line":26,"column":6},"end":{"line":26,"column":51}},"11":{"start":{"line":31,"column":0},"end":{"line":31,"column":46}}},"fnMap":{"0":{"name":"(anonymous_0)","decl":{"start":{"line":4,"column":17},"end":{"line":4,"column":18}},"loc":{"start":{"line":4,"column":37},"end":{"line":11,"column":3}},"line":4},"1":{"name":"(anonymous_1)","decl":{"start":{"line":13,"column":15},"end":{"line":13,"column":16}},"loc":{"start":{"line":13,"column":35},"end":{"line":28,"column":3}},"line":13}},"branchMap":{},"s":{"0":1,"1":1,"2":2,"3":2,"4":1,"5":1,"6":2,"7":2,"8":2,"9":1,"10":1,"11":1},"f":{"0":2,"1":2},"b":{},"_coverageSchema":"1a1c01bbd47fc00a2c39e90264f33305004495a9","hash":"f5749cbc7dc425c1ec5b0725a4f8f90f2e4fbc5c"}
,"/Users/julenhopp/Desktop/School/proyecto_integrador/ferreteria_sap/backend/src/controllers/productosController.js": {"path":"/Users/julenhopp/Desktop/School/proyecto_integrador/ferreteria_sap/backend/src/controllers/productosController.js","statementMap":{"0":{"start":{"line":1,"column":23},"end":{"line":1,"column":58}},"1":{"start":{"line":3,"column":28},"end":{"line":65,"column":1}},"2":{"start":{"line":5,"column":4},"end":{"line":10,"column":5}},"3":{"start":{"line":6,"column":24},"end":{"line":6,"column":53}},"4":{"start":{"line":7,"column":6},"end":{"line":7,"column":38}},"5":{"start":{"line":9,"column":6},"end":{"line":9,"column":51}},"6":{"start":{"line":14,"column":4},"end":{"line":32,"column":5}},"7":{"start":{"line":21,"column":10},"end":{"line":21,"column":18}},"8":{"start":{"line":22,"column":6},"end":{"line":28,"column":9}},"9":{"start":{"line":29,"column":6},"end":{"line":29,"column":73}},"10":{"start":{"line":31,"column":6},"end":{"line":31,"column":51}},"11":{"start":{"line":36,"column":4},"end":{"line":44,"column":5}},"12":{"start":{"line":37,"column":21},"end":{"line":37,"column":31}},"13":{"start":{"line":38,"column":39},"end":{"line":38,"column":47}},"14":{"start":{"line":40,"column":6},"end":{"line":40,"column":68}},"15":{"start":{"line":41,"column":6},"end":{"line":41,"column":78}},"16":{"start":{"line":43,"column":6},"end":{"line":43,"column":51}},"17":{"start":{"line":48,"column":4},"end":{"line":53,"column":5}},"18":{"start":{"line":49,"column":25},"end":{"line":49,"column":64}},"19":{"start":{"line":50,"column":6},"end":{"line":50,"column":39}},"20":{"start":{"line":52,"column":6},"end":{"line":52,"column":51}},"21":{"start":{"line":57,"column":4},"end":{"line":63,"column":5}},"22":{"start":{"line":58,"column":25},"end":{"line":58,"column":33}},"23":{"start":{"line":59,"column":6},"end":{"line":59,"column":50}},"24":{"start":{"line":60,"column":6},"end":{"line":60,"column":72}},"25":{"start":{"line":62,"column":6},"end":{"line":62,"column":51}},"26":{"start":{"line":67,"column":0},"end":{"line":67,"column":37}}},"fnMap":{"0":{"name":"(anonymous_0)","decl":{"start":{"line":4,"column":19},"end":{"line":4,"column":20}},"loc":{"start":{"line":4,"column":39},"end":{"line":11,"column":3}},"line":4},"1":{"name":"(anonymous_1)","decl":{"start":{"line":13,"column":18},"end":{"line":13,"column":19}},"loc":{"start":{"line":13,"column":38},"end":{"line":33,"column":3}},"line":13},"2":{"name":"(anonymous_2)","decl":{"start":{"line":35,"column":18},"end":{"line":35,"column":19}},"loc":{"start":{"line":35,"column":38},"end":{"line":45,"column":3}},"line":35},"3":{"name":"(anonymous_3)","decl":{"start":{"line":47,"column":17},"end":{"line":47,"column":18}},"loc":{"start":{"line":47,"column":37},"end":{"line":54,"column":3}},"line":47},"4":{"name":"(anonymous_4)","decl":{"start":{"line":56,"column":18},"end":{"line":56,"column":19}},"loc":{"start":{"line":56,"column":38},"end":{"line":64,"column":3}},"line":56}},"branchMap":{},"s":{"0":1,"1":1,"2":1,"3":1,"4":1,"5":0,"6":1,"7":1,"8":1,"9":1,"10":0,"11":1,"12":1,"13":1,"14":1,"15":1,"16":0,"17":1,"18":1,"19":1,"20":0,"21":1,"22":1,"23":1,"24":1,"25":0,"26":1},"f":{"0":1,"1":1,"2":1,"3":1,"4":1},"b":{},"_coverageSchema":"1a1c01bbd47fc00a2c39e90264f33305004495a9","hash":"28e0309fdb2edf89d624f4c758c448c48bdcb830"}
,"/Users/julenhopp/Desktop/School/proyecto_integrador/ferreteria_sap/backend/src/controllers/proveedoresController.js": {"path":"/Users/julenhopp/Desktop/School/proyecto_integrador/ferreteria_sap/backend/src/controllers/proveedoresController.js","statementMap":{"0":{"start":{"line":1,"column":23},"end":{"line":1,"column":60}},"1":{"start":{"line":3,"column":28},"end":{"line":54,"column":1}},"2":{"start":{"line":5,"column":4},"end":{"line":10,"column":5}},"3":{"start":{"line":6,"column":26},"end":{"line":6,"column":55}},"4":{"start":{"line":7,"column":6},"end":{"line":7,"column":40}},"5":{"start":{"line":9,"column":6},"end":{"line":9,"column":51}},"6":{"start":{"line":14,"column":4},"end":{"line":20,"column":5}},"7":{"start":{"line":15,"column":24},"end":{"line":15,"column":67}},"8":{"start":{"line":16,"column":6},"end":{"line":16,"column":88}},"9":{"start":{"line":16,"column":22},"end":{"line":16,"column":88}},"10":{"start":{"line":17,"column":6},"end":{"line":17,"column":38}},"11":{"start":{"line":19,"column":6},"end":{"line":19,"column":51}},"12":{"start":{"line":24,"column":4},"end":{"line":30,"column":5}},"13":{"start":{"line":25,"column":43},"end":{"line":25,"column":51}},"14":{"start":{"line":26,"column":6},"end":{"line":26,"column":64}},"15":{"start":{"line":27,"column":6},"end":{"line":27,"column":74}},"16":{"start":{"line":29,"column":6},"end":{"line":29,"column":51}},"17":{"start":{"line":34,"column":4},"end":{"line":42,"column":5}},"18":{"start":{"line":35,"column":43},"end":{"line":35,"column":51}},"19":{"start":{"line":36,"column":22},"end":{"line":36,"column":94}},"20":{"start":{"line":37,"column":6},"end":{"line":37,"column":27}},"21":{"start":{"line":38,"column":6},"end":{"line":38,"column":86}},"22":{"start":{"line":38,"column":20},"end":{"line":38,"column":86}},"23":{"start":{"line":39,"column":6},"end":{"line":39,"column":79}},"24":{"start":{"line":41,"column":6},"end":{"line":41,"column":51}},"25":{"start":{"line":46,"column":4},"end":{"line":52,"column":5}},"26":{"start":{"line":47,"column":22},"end":{"line":47,"column":64}},"27":{"start":{"line":48,"column":6},"end":{"line":48,"column":86}},"28":{"start":{"line":48,"column":20},"end":{"line":48,"column":86}},"29":{"start":{"line":49,"column":6},"end":{"line":49,"column":77}},"30":{"start":{"line":51,"column":6},"end":{"line":51,"column":51}},"31":{"start":{"line":56,"column":0},"end":{"line":56,"column":37}}},"fnMap":{"0":{"name":"(anonymous_0)","decl":{"start":{"line":4,"column":21},"end":{"line":4,"column":22}},"loc":{"start":{"line":4,"column":41},"end":{"line":11,"column":3}},"line":4},"1":{"name":"(anonymous_1)","decl":{"start":{"line":13,"column":20},"end":{"line":13,"column":21}},"loc":{"start":{"line":13,"column":40},"end":{"line":21,"column":3}},"line":13},"2":{"name":"(anonymous_2)","decl":{"start":{"line":23,"column":19},"end":{"line":23,"column":20}},"loc":{"start":{"line":23,"column":39},"end":{"line":31,"column":3}},"line":23},"3":{"name":"(anonymous_3)","decl":{"start":{"line":33,"column":19},"end":{"line":33,"column":20}},"loc":{"start":{"line":33,"column":39},"end":{"line":43,"column":3}},"line":33},"4":{"name":"(anonymous_4)","decl":{"start":{"line":45,"column":19},"end":{"line":45,"column":20}},"loc":{"start":{"line":45,"column":39},"end":{"line":53,"column":3}},"line":45}},"branchMap":{"0":{"loc":{"start":{"line":16,"column":6},"end":{"line":16,"column":88}},"type":"if","locations":[{"start":{"line":16,"column":6},"end":{"line":16,"column":88}},{"start":{},"end":{}}],"line":16},"1":{"loc":{"start":{"line":38,"column":6},"end":{"line":38,"column":86}},"type":"if","locations":[{"start":{"line":38,"column":6},"end":{"line":38,"column":86}},{"start":{},"end":{}}],"line":38},"2":{"loc":{"start":{"line":48,"column":6},"end":{"line":48,"column":86}},"type":"if","locations":[{"start":{"line":48,"column":6},"end":{"line":48,"column":86}},{"start":{},"end":{}}],"line":48}},"s":{"0":1,"1":1,"2":2,"3":2,"4":1,"5":1,"6":3,"7":3,"8":2,"9":1,"10":1,"11":1,"12":2,"13":2,"14":2,"15":1,"16":1,"17":3,"18":3,"19":3,"20":2,"21":2,"22":1,"23":1,"24":1,"25":3,"26":3,"27":2,"28":1,"29":1,"30":1,"31":1},"f":{"0":2,"1":3,"2":2,"3":3,"4":3},"b":{"0":[1,1],"1":[1,1],"2":[1,1]},"_coverageSchema":"1a1c01bbd47fc00a2c39e90264f33305004495a9","hash":"959cce3b662f47b7018a009af249cfbaf93da6cd"}
,"/Users/julenhopp/Desktop/School/proyecto_integrador/ferreteria_sap/backend/src/controllers/usuariosController.js": {"path":"/Users/julenhopp/Desktop/School/proyecto_integrador/ferreteria_sap/backend/src/controllers/usuariosController.js","statementMap":{"0":{"start":{"line":2,"column":21},"end":{"line":2,"column":55}},"1":{"start":{"line":4,"column":26},"end":{"line":54,"column":1}},"2":{"start":{"line":6,"column":4},"end":{"line":11,"column":5}},"3":{"start":{"line":7,"column":23},"end":{"line":7,"column":50}},"4":{"start":{"line":8,"column":6},"end":{"line":8,"column":37}},"5":{"start":{"line":10,"column":6},"end":{"line":10,"column":51}},"6":{"start":{"line":15,"column":4},"end":{"line":21,"column":5}},"7":{"start":{"line":16,"column":53},"end":{"line":16,"column":61}},"8":{"start":{"line":17,"column":6},"end":{"line":17,"column":72}},"9":{"start":{"line":18,"column":6},"end":{"line":18,"column":72}},"10":{"start":{"line":20,"column":6},"end":{"line":20,"column":51}},"11":{"start":{"line":26,"column":4},"end":{"line":33,"column":5}},"12":{"start":{"line":27,"column":21},"end":{"line":27,"column":31}},"13":{"start":{"line":28,"column":53},"end":{"line":28,"column":61}},"14":{"start":{"line":29,"column":6},"end":{"line":29,"column":76}},"15":{"start":{"line":30,"column":6},"end":{"line":30,"column":77}},"16":{"start":{"line":32,"column":6},"end":{"line":32,"column":51}},"17":{"start":{"line":37,"column":4},"end":{"line":43,"column":5}},"18":{"start":{"line":38,"column":21},"end":{"line":38,"column":31}},"19":{"start":{"line":39,"column":6},"end":{"line":39,"column":36}},"20":{"start":{"line":40,"column":6},"end":{"line":40,"column":75}},"21":{"start":{"line":42,"column":6},"end":{"line":42,"column":51}},"22":{"start":{"line":47,"column":4},"end":{"line":52,"column":5}},"23":{"start":{"line":48,"column":20},"end":{"line":48,"column":52}},"24":{"start":{"line":49,"column":6},"end":{"line":49,"column":34}},"25":{"start":{"line":51,"column":6},"end":{"line":51,"column":51}},"26":{"start":{"line":56,"column":0},"end":{"line":56,"column":35}}},"fnMap":{"0":{"name":"(anonymous_0)","decl":{"start":{"line":5,"column":18},"end":{"line":5,"column":19}},"loc":{"start":{"line":5,"column":38},"end":{"line":12,"column":3}},"line":5},"1":{"name":"(anonymous_1)","decl":{"start":{"line":14,"column":17},"end":{"line":14,"column":18}},"loc":{"start":{"line":14,"column":37},"end":{"line":22,"column":3}},"line":14},"2":{"name":"(anonymous_2)","decl":{"start":{"line":25,"column":17},"end":{"line":25,"column":18}},"loc":{"start":{"line":25,"column":37},"end":{"line":34,"column":3}},"line":25},"3":{"name":"(anonymous_3)","decl":{"start":{"line":36,"column":17},"end":{"line":36,"column":18}},"loc":{"start":{"line":36,"column":37},"end":{"line":44,"column":3}},"line":36},"4":{"name":"(anonymous_4)","decl":{"start":{"line":46,"column":12},"end":{"line":46,"column":13}},"loc":{"start":{"line":46,"column":32},"end":{"line":53,"column":3}},"line":46}},"branchMap":{},"s":{"0":1,"1":1,"2":1,"3":1,"4":1,"5":0,"6":1,"7":1,"8":1,"9":1,"10":0,"11":1,"12":1,"13":1,"14":1,"15":1,"16":0,"17":1,"18":1,"19":1,"20":1,"21":0,"22":1,"23":1,"24":1,"25":0,"26":1},"f":{"0":1,"1":1,"2":1,"3":1,"4":1},"b":{},"_coverageSchema":"1a1c01bbd47fc00a2c39e90264f33305004495a9","hash":"3108ba5fcbd5ebe5c091a115637141715b29689e"}
,"/Users/julenhopp/Desktop/School/proyecto_integrador/ferreteria_sap/backend/src/controllers/ventasController.js": {"path":"/Users/julenhopp/Desktop/School/proyecto_integrador/ferreteria_sap/backend/src/controllers/ventasController.js","statementMap":{"0":{"start":{"line":1,"column":20},"end":{"line":1,"column":52}},"1":{"start":{"line":3,"column":25},"end":{"line":27,"column":1}},"2":{"start":{"line":5,"column":4},"end":{"line":10,"column":5}},"3":{"start":{"line":6,"column":21},"end":{"line":6,"column":47}},"4":{"start":{"line":7,"column":6},"end":{"line":7,"column":35}},"5":{"start":{"line":9,"column":6},"end":{"line":9,"column":51}},"6":{"start":{"line":14,"column":4},"end":{"line":25,"column":5}},"7":{"start":{"line":15,"column":64},"end":{"line":15,"column":72}},"8":{"start":{"line":16,"column":6},"end":{"line":21,"column":9}},"9":{"start":{"line":22,"column":6},"end":{"line":22,"column":74}},"10":{"start":{"line":24,"column":6},"end":{"line":24,"column":51}},"11":{"start":{"line":29,"column":0},"end":{"line":29,"column":34}}},"fnMap":{"0":{"name":"(anonymous_0)","decl":{"start":{"line":4,"column":16},"end":{"line":4,"column":17}},"loc":{"start":{"line":4,"column":36},"end":{"line":11,"column":3}},"line":4},"1":{"name":"(anonymous_1)","decl":{"start":{"line":13,"column":15},"end":{"line":13,"column":16}},"loc":{"start":{"line":13,"column":35},"end":{"line":26,"column":3}},"line":13}},"branchMap":{},"s":{"0":1,"1":1,"2":2,"3":2,"4":1,"5":1,"6":2,"7":2,"8":2,"9":1,"10":1,"11":1},"f":{"0":2,"1":2},"b":{},"_coverageSchema":"1a1c01bbd47fc00a2c39e90264f33305004495a9","hash":"5e81253fe7e55fd6efc02fdd53d48abc46bb1585"}
,"/Users/julenhopp/Desktop/School/proyecto_integrador/ferreteria_sap/backend/src/middlewares/authMiddleware.js": {"path":"/Users/julenhopp/Desktop/School/proyecto_integrador/ferreteria_sap/backend/src/middlewares/authMiddleware.js","statementMap":{"0":{"start":{"line":1,"column":12},"end":{"line":1,"column":35}},"1":{"start":{"line":3,"column":0},"end":{"line":16,"column":2}},"2":{"start":{"line":4,"column":21},"end":{"line":4,"column":46}},"3":{"start":{"line":5,"column":2},"end":{"line":5,"column":77}},"4":{"start":{"line":5,"column":19},"end":{"line":5,"column":77}},"5":{"start":{"line":7,"column":16},"end":{"line":7,"column":40}},"6":{"start":{"line":9,"column":2},"end":{"line":15,"column":3}},"7":{"start":{"line":10,"column":20},"end":{"line":10,"column":62}},"8":{"start":{"line":11,"column":4},"end":{"line":11,"column":23}},"9":{"start":{"line":12,"column":4},"end":{"line":12,"column":11}},"10":{"start":{"line":14,"column":4},"end":{"line":14,"column":72}}},"fnMap":{"0":{"name":"(anonymous_0)","decl":{"start":{"line":3,"column":25},"end":{"line":3,"column":26}},"loc":{"start":{"line":3,"column":45},"end":{"line":16,"column":1}},"line":3}},"branchMap":{"0":{"loc":{"start":{"line":5,"column":2},"end":{"line":5,"column":77}},"type":"if","locations":[{"start":{"line":5,"column":2},"end":{"line":5,"column":77}},{"start":{},"end":{}}],"line":5}},"s":{"0":1,"1":1,"2":3,"3":3,"4":1,"5":2,"6":2,"7":2,"8":1,"9":1,"10":1},"f":{"0":3},"b":{"0":[1,2]},"_coverageSchema":"1a1c01bbd47fc00a2c39e90264f33305004495a9","hash":"b41b71378b41aedc973e82955d6529d6273d54c7"}
,"/Users/julenhopp/Desktop/School/proyecto_integrador/ferreteria_sap/backend/src/models/inventarioModel.js": {"path":"/Users/julenhopp/Desktop/School/proyecto_integrador/ferreteria_sap/backend/src/models/inventarioModel.js","statementMap":{"0":{"start":{"line":1,"column":11},"end":{"line":1,"column":34}},"1":{"start":{"line":3,"column":24},"end":{"line":102,"column":1}},"2":{"start":{"line":5,"column":4},"end":{"line":10,"column":7}},"3":{"start":{"line":6,"column":6},"end":{"line":9,"column":9}},"4":{"start":{"line":7,"column":8},"end":{"line":7,"column":36}},"5":{"start":{"line":7,"column":17},"end":{"line":7,"column":36}},"6":{"start":{"line":8,"column":8},"end":{"line":8,"column":24}},"7":{"start":{"line":14,"column":4},"end":{"line":19,"column":6}},"8":{"start":{"line":15,"column":4},"end":{"line":18,"column":6}},"9":{"start":{"line":16,"column":6},"end":{"line":16,"column":34}},"10":{"start":{"line":16,"column":15},"end":{"line":16,"column":34}},"11":{"start":{"line":17,"column":6},"end":{"line":17,"column":22}},"12":{"start":{"line":23,"column":4},"end":{"line":35,"column":7}},"13":{"start":{"line":24,"column":20},"end":{"line":27,"column":7}},"14":{"start":{"line":28,"column":6},"end":{"line":34,"column":9}},"15":{"start":{"line":29,"column":8},"end":{"line":29,"column":36}},"16":{"start":{"line":29,"column":17},"end":{"line":29,"column":36}},"17":{"start":{"line":30,"column":8},"end":{"line":33,"column":11}},"18":{"start":{"line":31,"column":10},"end":{"line":31,"column":38}},"19":{"start":{"line":31,"column":19},"end":{"line":31,"column":38}},"20":{"start":{"line":32,"column":10},"end":{"line":32,"column":26}},"21":{"start":{"line":39,"column":4},"end":{"line":48,"column":7}},"22":{"start":{"line":40,"column":6},"end":{"line":47,"column":8}},"23":{"start":{"line":44,"column":10},"end":{"line":44,"column":38}},"24":{"start":{"line":44,"column":19},"end":{"line":44,"column":38}},"25":{"start":{"line":45,"column":10},"end":{"line":45,"column":26}},"26":{"start":{"line":52,"column":4},"end":{"line":65,"column":7}},"27":{"start":{"line":53,"column":6},"end":{"line":64,"column":8}},"28":{"start":{"line":61,"column":10},"end":{"line":61,"column":38}},"29":{"start":{"line":61,"column":19},"end":{"line":61,"column":38}},"30":{"start":{"line":62,"column":10},"end":{"line":62,"column":26}},"31":{"start":{"line":78,"column":4},"end":{"line":100,"column":7}},"32":{"start":{"line":79,"column":6},"end":{"line":99,"column":8}},"33":{"start":{"line":94,"column":10},"end":{"line":96,"column":11}},"34":{"start":{"line":95,"column":12},"end":{"line":95,"column":31}},"35":{"start":{"line":97,"column":10},"end":{"line":97,"column":26}},"36":{"start":{"line":104,"column":0},"end":{"line":104,"column":33}}},"fnMap":{"0":{"name":"(anonymous_0)","decl":{"start":{"line":4,"column":10},"end":{"line":4,"column":11}},"loc":{"start":{"line":4,"column":22},"end":{"line":11,"column":3}},"line":4},"1":{"name":"(anonymous_1)","decl":{"start":{"line":5,"column":23},"end":{"line":5,"column":24}},"loc":{"start":{"line":5,"column":44},"end":{"line":10,"column":5}},"line":5},"2":{"name":"(anonymous_2)","decl":{"start":{"line":6,"column":42},"end":{"line":6,"column":43}},"loc":{"start":{"line":6,"column":59},"end":{"line":9,"column":7}},"line":6},"3":{"name":"(anonymous_3)","decl":{"start":{"line":13,"column":21},"end":{"line":13,"column":22}},"loc":{"start":{"line":13,"column":33},"end":{"line":20,"column":3}},"line":13},"4":{"name":"(anonymous_4)","decl":{"start":{"line":14,"column":23},"end":{"line":14,"column":24}},"loc":{"start":{"line":14,"column":44},"end":{"line":19,"column":5}},"line":14},"5":{"name":"(anonymous_5)","decl":{"start":{"line":15,"column":53},"end":{"line":15,"column":54}},"loc":{"start":{"line":15,"column":70},"end":{"line":18,"column":5}},"line":15},"6":{"name":"(anonymous_6)","decl":{"start":{"line":22,"column":10},"end":{"line":22,"column":11}},"loc":{"start":{"line":22,"column":58},"end":{"line":36,"column":3}},"line":22},"7":{"name":"(anonymous_7)","decl":{"start":{"line":23,"column":23},"end":{"line":23,"column":24}},"loc":{"start":{"line":23,"column":44},"end":{"line":35,"column":5}},"line":23},"8":{"name":"(anonymous_8)","decl":{"start":{"line":28,"column":24},"end":{"line":28,"column":25}},"loc":{"start":{"line":28,"column":44},"end":{"line":34,"column":7}},"line":28},"9":{"name":"(anonymous_9)","decl":{"start":{"line":30,"column":59},"end":{"line":30,"column":60}},"loc":{"start":{"line":30,"column":76},"end":{"line":33,"column":9}},"line":30},"10":{"name":"(anonymous_10)","decl":{"start":{"line":38,"column":18},"end":{"line":38,"column":19}},"loc":{"start":{"line":38,"column":57},"end":{"line":49,"column":3}},"line":38},"11":{"name":"(anonymous_11)","decl":{"start":{"line":39,"column":23},"end":{"line":39,"column":24}},"loc":{"start":{"line":39,"column":44},"end":{"line":48,"column":5}},"line":39},"12":{"name":"(anonymous_12)","decl":{"start":{"line":43,"column":8},"end":{"line":43,"column":9}},"loc":{"start":{"line":43,"column":25},"end":{"line":46,"column":9}},"line":43},"13":{"name":"(anonymous_13)","decl":{"start":{"line":51,"column":19},"end":{"line":51,"column":20}},"loc":{"start":{"line":51,"column":59},"end":{"line":66,"column":3}},"line":51},"14":{"name":"(anonymous_14)","decl":{"start":{"line":52,"column":23},"end":{"line":52,"column":24}},"loc":{"start":{"line":52,"column":44},"end":{"line":65,"column":5}},"line":52},"15":{"name":"(anonymous_15)","decl":{"start":{"line":60,"column":8},"end":{"line":60,"column":9}},"loc":{"start":{"line":60,"column":25},"end":{"line":63,"column":9}},"line":60},"16":{"name":"(anonymous_16)","decl":{"start":{"line":68,"column":36},"end":{"line":68,"column":37}},"loc":{"start":{"line":77,"column":8},"end":{"line":101,"column":3}},"line":77},"17":{"name":"(anonymous_17)","decl":{"start":{"line":78,"column":23},"end":{"line":78,"column":24}},"loc":{"start":{"line":78,"column":44},"end":{"line":100,"column":5}},"line":78},"18":{"name":"(anonymous_18)","decl":{"start":{"line":93,"column":8},"end":{"line":93,"column":9}},"loc":{"start":{"line":93,"column":25},"end":{"line":98,"column":9}},"line":93}},"branchMap":{"0":{"loc":{"start":{"line":7,"column":8},"end":{"line":7,"column":36}},"type":"if","locations":[{"start":{"line":7,"column":8},"end":{"line":7,"column":36}},{"start":{},"end":{}}],"line":7},"1":{"loc":{"start":{"line":16,"column":6},"end":{"line":16,"column":34}},"type":"if","locations":[{"start":{"line":16,"column":6},"end":{"line":16,"column":34}},{"start":{},"end":{}}],"line":16},"2":{"loc":{"start":{"line":29,"column":8},"end":{"line":29,"column":36}},"type":"if","locations":[{"start":{"line":29,"column":8},"end":{"line":29,"column":36}},{"start":{},"end":{}}],"line":29},"3":{"loc":{"start":{"line":31,"column":10},"end":{"line":31,"column":38}},"type":"if","locations":[{"start":{"line":31,"column":10},"end":{"line":31,"column":38}},{"start":{},"end":{}}],"line":31},"4":{"loc":{"start":{"line":44,"column":10},"end":{"line":44,"column":38}},"type":"if","locations":[{"start":{"line":44,"column":10},"end":{"line":44,"column":38}},{"start":{},"end":{}}],"line":44},"5":{"loc":{"start":{"line":61,"column":10},"end":{"line":61,"column":38}},"type":"if","locations":[{"start":{"line":61,"column":10},"end":{"line":61,"column":38}},{"start":{},"end":{}}],"line":61},"6":{"loc":{"start":{"line":94,"column":10},"end":{"line":96,"column":11}},"type":"if","locations":[{"start":{"line":94,"column":10},"end":{"line":96,"column":11}},{"start":{},"end":{}}],"line":94}},"s":{"0":1,"1":1,"2":2,"3":2,"4":2,"5":1,"6":1,"7":0,"8":0,"9":0,"10":0,"11":0,"12":2,"13":2,"14":2,"15":2,"16":1,"17":1,"18":1,"19":0,"20":1,"21":1,"22":1,"23":1,"24":0,"25":1,"26":1,"27":1,"28":1,"29":0,"30":1,"31":1,"32":1,"33":1,"34":0,"35":1,"36":1},"f":{"0":2,"1":2,"2":2,"3":0,"4":0,"5":0,"6":2,"7":2,"8":2,"9":1,"10":1,"11":1,"12":1,"13":1,"14":1,"15":1,"16":1,"17":1,"18":1},"b":{"0":[1,1],"1":[0,0],"2":[1,1],"3":[0,1],"4":[0,1],"5":[0,1],"6":[0,1]},"_coverageSchema":"1a1c01bbd47fc00a2c39e90264f33305004495a9","hash":"a08990dfa7325a234addf67ab1aff7b65efd812e"}
,"/Users/julenhopp/Desktop/School/proyecto_integrador/ferreteria_sap/backend/src/models/ordenesModel.js": {"path":"/Users/julenhopp/Desktop/School/proyecto_integrador/ferreteria_sap/backend/src/models/ordenesModel.js","statementMap":{"0":{"start":{"line":1,"column":11},"end":{"line":1,"column":34}},"1":{"start":{"line":3,"column":21},"end":{"line":124,"column":1}},"2":{"start":{"line":5,"column":4},"end":{"line":10,"column":7}},"3":{"start":{"line":6,"column":6},"end":{"line":9,"column":9}},"4":{"start":{"line":7,"column":8},"end":{"line":7,"column":36}},"5":{"start":{"line":7,"column":17},"end":{"line":7,"column":36}},"6":{"start":{"line":8,"column":8},"end":{"line":8,"column":24}},"7":{"start":{"line":14,"column":4},"end":{"line":19,"column":7}},"8":{"start":{"line":15,"column":6},"end":{"line":18,"column":9}},"9":{"start":{"line":16,"column":8},"end":{"line":16,"column":36}},"10":{"start":{"line":16,"column":17},"end":{"line":16,"column":36}},"11":{"start":{"line":17,"column":8},"end":{"line":17,"column":24}},"12":{"start":{"line":23,"column":4},"end":{"line":32,"column":7}},"13":{"start":{"line":24,"column":20},"end":{"line":24,"column":56}},"14":{"start":{"line":25,"column":6},"end":{"line":31,"column":9}},"15":{"start":{"line":26,"column":8},"end":{"line":26,"column":36}},"16":{"start":{"line":26,"column":17},"end":{"line":26,"column":36}},"17":{"start":{"line":27,"column":8},"end":{"line":30,"column":11}},"18":{"start":{"line":28,"column":10},"end":{"line":28,"column":38}},"19":{"start":{"line":28,"column":19},"end":{"line":28,"column":38}},"20":{"start":{"line":29,"column":10},"end":{"line":29,"column":56}},"21":{"start":{"line":36,"column":4},"end":{"line":59,"column":7}},"22":{"start":{"line":37,"column":20},"end":{"line":42,"column":7}},"23":{"start":{"line":43,"column":6},"end":{"line":58,"column":9}},"24":{"start":{"line":44,"column":8},"end":{"line":44,"column":36}},"25":{"start":{"line":44,"column":17},"end":{"line":44,"column":36}},"26":{"start":{"line":45,"column":8},"end":{"line":57,"column":11}},"27":{"start":{"line":55,"column":10},"end":{"line":55,"column":38}},"28":{"start":{"line":55,"column":19},"end":{"line":55,"column":38}},"29":{"start":{"line":56,"column":10},"end":{"line":56,"column":26}},"30":{"start":{"line":63,"column":4},"end":{"line":87,"column":7}},"31":{"start":{"line":64,"column":20},"end":{"line":69,"column":7}},"32":{"start":{"line":70,"column":6},"end":{"line":86,"column":9}},"33":{"start":{"line":71,"column":8},"end":{"line":71,"column":36}},"34":{"start":{"line":71,"column":17},"end":{"line":71,"column":36}},"35":{"start":{"line":72,"column":8},"end":{"line":85,"column":11}},"36":{"start":{"line":83,"column":10},"end":{"line":83,"column":38}},"37":{"start":{"line":83,"column":19},"end":{"line":83,"column":38}},"38":{"start":{"line":84,"column":10},"end":{"line":84,"column":24}},"39":{"start":{"line":91,"column":4},"end":{"line":100,"column":7}},"40":{"start":{"line":92,"column":20},"end":{"line":92,"column":67}},"41":{"start":{"line":93,"column":6},"end":{"line":99,"column":9}},"42":{"start":{"line":94,"column":8},"end":{"line":94,"column":36}},"43":{"start":{"line":94,"column":17},"end":{"line":94,"column":36}},"44":{"start":{"line":95,"column":8},"end":{"line":98,"column":11}},"45":{"start":{"line":96,"column":10},"end":{"line":96,"column":38}},"46":{"start":{"line":96,"column":19},"end":{"line":96,"column":38}},"47":{"start":{"line":97,"column":10},"end":{"line":97,"column":24}},"48":{"start":{"line":104,"column":4},"end":{"line":113,"column":7}},"49":{"start":{"line":105,"column":20},"end":{"line":105,"column":54}},"50":{"start":{"line":106,"column":6},"end":{"line":112,"column":9}},"51":{"start":{"line":107,"column":8},"end":{"line":107,"column":36}},"52":{"start":{"line":107,"column":17},"end":{"line":107,"column":36}},"53":{"start":{"line":108,"column":8},"end":{"line":111,"column":11}},"54":{"start":{"line":109,"column":10},"end":{"line":109,"column":38}},"55":{"start":{"line":109,"column":19},"end":{"line":109,"column":38}},"56":{"start":{"line":110,"column":10},"end":{"line":110,"column":24}},"57":{"start":{"line":117,"column":4},"end":{"line":122,"column":7}},"58":{"start":{"line":118,"column":6},"end":{"line":121,"column":9}},"59":{"start":{"line":119,"column":8},"end":{"line":119,"column":36}},"60":{"start":{"line":119,"column":17},"end":{"line":119,"column":36}},"61":{"start":{"line":120,"column":8},"end":{"line":120,"column":24}},"62":{"start":{"line":126,"column":0},"end":{"line":126,"column":30}}},"fnMap":{"0":{"name":"(anonymous_0)","decl":{"start":{"line":4,"column":10},"end":{"line":4,"column":11}},"loc":{"start":{"line":4,"column":22},"end":{"line":11,"column":3}},"line":4},"1":{"name":"(anonymous_1)","decl":{"start":{"line":5,"column":23},"end":{"line":5,"column":24}},"loc":{"start":{"line":5,"column":44},"end":{"line":10,"column":5}},"line":5},"2":{"name":"(anonymous_2)","decl":{"start":{"line":6,"column":39},"end":{"line":6,"column":40}},"loc":{"start":{"line":6,"column":56},"end":{"line":9,"column":7}},"line":6},"3":{"name":"(anonymous_3)","decl":{"start":{"line":13,"column":21},"end":{"line":13,"column":22}},"loc":{"start":{"line":13,"column":33},"end":{"line":20,"column":3}},"line":13},"4":{"name":"(anonymous_4)","decl":{"start":{"line":14,"column":23},"end":{"line":14,"column":24}},"loc":{"start":{"line":14,"column":44},"end":{"line":19,"column":5}},"line":14},"5":{"name":"(anonymous_5)","decl":{"start":{"line":15,"column":52},"end":{"line":15,"column":53}},"loc":{"start":{"line":15,"column":69},"end":{"line":18,"column":7}},"line":15},"6":{"name":"(anonymous_6)","decl":{"start":{"line":22,"column":11},"end":{"line":22,"column":12}},"loc":{"start":{"line":22,"column":25},"end":{"line":33,"column":3}},"line":22},"7":{"name":"(anonymous_7)","decl":{"start":{"line":23,"column":23},"end":{"line":23,"column":24}},"loc":{"start":{"line":23,"column":44},"end":{"line":32,"column":5}},"line":23},"8":{"name":"(anonymous_8)","decl":{"start":{"line":25,"column":24},"end":{"line":25,"column":25}},"loc":{"start":{"line":25,"column":44},"end":{"line":31,"column":7}},"line":25},"9":{"name":"(anonymous_9)","decl":{"start":{"line":27,"column":29},"end":{"line":27,"column":30}},"loc":{"start":{"line":27,"column":46},"end":{"line":30,"column":9}},"line":27},"10":{"name":"(anonymous_10)","decl":{"start":{"line":35,"column":10},"end":{"line":35,"column":11}},"loc":{"start":{"line":35,"column":27},"end":{"line":60,"column":3}},"line":35},"11":{"name":"(anonymous_11)","decl":{"start":{"line":36,"column":23},"end":{"line":36,"column":24}},"loc":{"start":{"line":36,"column":44},"end":{"line":59,"column":5}},"line":36},"12":{"name":"(anonymous_12)","decl":{"start":{"line":43,"column":24},"end":{"line":43,"column":25}},"loc":{"start":{"line":43,"column":44},"end":{"line":58,"column":7}},"line":43},"13":{"name":"(anonymous_13)","decl":{"start":{"line":54,"column":11},"end":{"line":54,"column":12}},"loc":{"start":{"line":54,"column":28},"end":{"line":57,"column":9}},"line":54},"14":{"name":"(anonymous_14)","decl":{"start":{"line":62,"column":10},"end":{"line":62,"column":11}},"loc":{"start":{"line":62,"column":31},"end":{"line":88,"column":3}},"line":62},"15":{"name":"(anonymous_15)","decl":{"start":{"line":63,"column":23},"end":{"line":63,"column":24}},"loc":{"start":{"line":63,"column":44},"end":{"line":87,"column":5}},"line":63},"16":{"name":"(anonymous_16)","decl":{"start":{"line":70,"column":24},"end":{"line":70,"column":25}},"loc":{"start":{"line":70,"column":44},"end":{"line":86,"column":7}},"line":70},"17":{"name":"(anonymous_17)","decl":{"start":{"line":82,"column":11},"end":{"line":82,"column":12}},"loc":{"start":{"line":82,"column":20},"end":{"line":85,"column":9}},"line":82},"18":{"name":"(anonymous_18)","decl":{"start":{"line":90,"column":16},"end":{"line":90,"column":17}},"loc":{"start":{"line":90,"column":41},"end":{"line":101,"column":3}},"line":90},"19":{"name":"(anonymous_19)","decl":{"start":{"line":91,"column":23},"end":{"line":91,"column":24}},"loc":{"start":{"line":91,"column":44},"end":{"line":100,"column":5}},"line":91},"20":{"name":"(anonymous_20)","decl":{"start":{"line":93,"column":24},"end":{"line":93,"column":25}},"loc":{"start":{"line":93,"column":44},"end":{"line":99,"column":7}},"line":93},"21":{"name":"(anonymous_21)","decl":{"start":{"line":95,"column":40},"end":{"line":95,"column":41}},"loc":{"start":{"line":95,"column":49},"end":{"line":98,"column":9}},"line":95},"22":{"name":"(anonymous_22)","decl":{"start":{"line":103,"column":10},"end":{"line":103,"column":11}},"loc":{"start":{"line":103,"column":24},"end":{"line":114,"column":3}},"line":103},"23":{"name":"(anonymous_23)","decl":{"start":{"line":104,"column":23},"end":{"line":104,"column":24}},"loc":{"start":{"line":104,"column":44},"end":{"line":113,"column":5}},"line":104},"24":{"name":"(anonymous_24)","decl":{"start":{"line":106,"column":24},"end":{"line":106,"column":25}},"loc":{"start":{"line":106,"column":44},"end":{"line":112,"column":7}},"line":106},"25":{"name":"(anonymous_25)","decl":{"start":{"line":108,"column":29},"end":{"line":108,"column":30}},"loc":{"start":{"line":108,"column":38},"end":{"line":111,"column":9}},"line":108},"26":{"name":"(anonymous_26)","decl":{"start":{"line":116,"column":28},"end":{"line":116,"column":29}},"loc":{"start":{"line":116,"column":40},"end":{"line":123,"column":3}},"line":116},"27":{"name":"(anonymous_27)","decl":{"start":{"line":117,"column":23},"end":{"line":117,"column":24}},"loc":{"start":{"line":117,"column":44},"end":{"line":122,"column":5}},"line":117},"28":{"name":"(anonymous_28)","decl":{"start":{"line":118,"column":47},"end":{"line":118,"column":48}},"loc":{"start":{"line":118,"column":64},"end":{"line":121,"column":7}},"line":118}},"branchMap":{"0":{"loc":{"start":{"line":7,"column":8},"end":{"line":7,"column":36}},"type":"if","locations":[{"start":{"line":7,"column":8},"end":{"line":7,"column":36}},{"start":{},"end":{}}],"line":7},"1":{"loc":{"start":{"line":16,"column":8},"end":{"line":16,"column":36}},"type":"if","locations":[{"start":{"line":16,"column":8},"end":{"line":16,"column":36}},{"start":{},"end":{}}],"line":16},"2":{"loc":{"start":{"line":26,"column":8},"end":{"line":26,"column":36}},"type":"if","locations":[{"start":{"line":26,"column":8},"end":{"line":26,"column":36}},{"start":{},"end":{}}],"line":26},"3":{"loc":{"start":{"line":28,"column":10},"end":{"line":28,"column":38}},"type":"if","locations":[{"start":{"line":28,"column":10},"end":{"line":28,"column":38}},{"start":{},"end":{}}],"line":28},"4":{"loc":{"start":{"line":29,"column":18},"end":{"line":29,"column":54}},"type":"cond-expr","locations":[{"start":{"line":29,"column":38},"end":{"line":29,"column":47}},{"start":{"line":29,"column":50},"end":{"line":29,"column":54}}],"line":29},"5":{"loc":{"start":{"line":44,"column":8},"end":{"line":44,"column":36}},"type":"if","locations":[{"start":{"line":44,"column":8},"end":{"line":44,"column":36}},{"start":{},"end":{}}],"line":44},"6":{"loc":{"start":{"line":55,"column":10},"end":{"line":55,"column":38}},"type":"if","locations":[{"start":{"line":55,"column":10},"end":{"line":55,"column":38}},{"start":{},"end":{}}],"line":55},"7":{"loc":{"start":{"line":71,"column":8},"end":{"line":71,"column":36}},"type":"if","locations":[{"start":{"line":71,"column":8},"end":{"line":71,"column":36}},{"start":{},"end":{}}],"line":71},"8":{"loc":{"start":{"line":83,"column":10},"end":{"line":83,"column":38}},"type":"if","locations":[{"start":{"line":83,"column":10},"end":{"line":83,"column":38}},{"start":{},"end":{}}],"line":83},"9":{"loc":{"start":{"line":94,"column":8},"end":{"line":94,"column":36}},"type":"if","locations":[{"start":{"line":94,"column":8},"end":{"line":94,"column":36}},{"start":{},"end":{}}],"line":94},"10":{"loc":{"start":{"line":96,"column":10},"end":{"line":96,"column":38}},"type":"if","locations":[{"start":{"line":96,"column":10},"end":{"line":96,"column":38}},{"start":{},"end":{}}],"line":96},"11":{"loc":{"start":{"line":107,"column":8},"end":{"line":107,"column":36}},"type":"if","locations":[{"start":{"line":107,"column":8},"end":{"line":107,"column":36}},{"start":{},"end":{}}],"line":107},"12":{"loc":{"start":{"line":109,"column":10},"end":{"line":109,"column":38}},"type":"if","locations":[{"start":{"line":109,"column":10},"end":{"line":109,"column":38}},{"start":{},"end":{}}],"line":109},"13":{"loc":{"start":{"line":119,"column":8},"end":{"line":119,"column":36}},"type":"if","locations":[{"start":{"line":119,"column":8},"end":{"line":119,"column":36}},{"start":{},"end":{}}],"line":119}},"s":{"0":1,"1":1,"2":2,"3":2,"4":2,"5":1,"6":1,"7":0,"8":0,"9":0,"10":0,"11":0,"12":4,"13":4,"14":4,"15":4,"16":1,"17":3,"18":3,"19":1,"20":2,"21":2,"22":2,"23":2,"24":2,"25":1,"26":1,"27":1,"28":0,"29":1,"30":2,"31":2,"32":2,"33":2,"34":1,"35":1,"36":1,"37":0,"38":1,"39":2,"40":2,"41":2,"42":2,"43":1,"44":1,"45":1,"46":0,"47":1,"48":2,"49":2,"50":2,"51":2,"52":1,"53":1,"54":1,"55":0,"56":1,"57":2,"58":2,"59":2,"60":1,"61":1,"62":1},"f":{"0":2,"1":2,"2":2,"3":0,"4":0,"5":0,"6":4,"7":4,"8":4,"9":3,"10":2,"11":2,"12":2,"13":1,"14":2,"15":2,"16":2,"17":1,"18":2,"19":2,"20":2,"21":1,"22":2,"23":2,"24":2,"25":1,"26":2,"27":2,"28":2},"b":{"0":[1,1],"1":[0,0],"2":[1,3],"3":[1,2],"4":[1,1],"5":[1,1],"6":[0,1],"7":[1,1],"8":[0,1],"9":[1,1],"10":[0,1],"11":[1,1],"12":[0,1],"13":[1,1]},"_coverageSchema":"1a1c01bbd47fc00a2c39e90264f33305004495a9","hash":"c21054f5c4c8beb9e2003b17c52b9a4ad9e5dfa6"}
,"/Users/julenhopp/Desktop/School/proyecto_integrador/ferreteria_sap/backend/src/models/ordenesSugeridasIaModel.js": {"path":"/Users/julenhopp/Desktop/School/proyecto_integrador/ferreteria_sap/backend/src/models/ordenesSugeridasIaModel.js","statementMap":{"0":{"start":{"line":1,"column":11},"end":{"line":1,"column":34}},"1":{"start":{"line":3,"column":32},"end":{"line":38,"column":1}},"2":{"start":{"line":5,"column":4},"end":{"line":10,"column":7}},"3":{"start":{"line":6,"column":6},"end":{"line":9,"column":9}},"4":{"start":{"line":7,"column":8},"end":{"line":7,"column":36}},"5":{"start":{"line":7,"column":17},"end":{"line":7,"column":36}},"6":{"start":{"line":8,"column":8},"end":{"line":8,"column":24}},"7":{"start":{"line":20,"column":4},"end":{"line":36,"column":7}},"8":{"start":{"line":21,"column":20},"end":{"line":25,"column":7}},"9":{"start":{"line":26,"column":6},"end":{"line":35,"column":9}},"10":{"start":{"line":27,"column":8},"end":{"line":27,"column":36}},"11":{"start":{"line":27,"column":17},"end":{"line":27,"column":36}},"12":{"start":{"line":28,"column":8},"end":{"line":34,"column":10}},"13":{"start":{"line":31,"column":12},"end":{"line":31,"column":40}},"14":{"start":{"line":31,"column":21},"end":{"line":31,"column":40}},"15":{"start":{"line":32,"column":12},"end":{"line":32,"column":28}},"16":{"start":{"line":40,"column":0},"end":{"line":40,"column":41}}},"fnMap":{"0":{"name":"(anonymous_0)","decl":{"start":{"line":4,"column":10},"end":{"line":4,"column":11}},"loc":{"start":{"line":4,"column":22},"end":{"line":11,"column":3}},"line":4},"1":{"name":"(anonymous_1)","decl":{"start":{"line":5,"column":23},"end":{"line":5,"column":24}},"loc":{"start":{"line":5,"column":44},"end":{"line":10,"column":5}},"line":5},"2":{"name":"(anonymous_2)","decl":{"start":{"line":6,"column":52},"end":{"line":6,"column":53}},"loc":{"start":{"line":6,"column":69},"end":{"line":9,"column":7}},"line":6},"3":{"name":"(anonymous_3)","decl":{"start":{"line":13,"column":10},"end":{"line":13,"column":11}},"loc":{"start":{"line":19,"column":8},"end":{"line":37,"column":3}},"line":19},"4":{"name":"(anonymous_4)","decl":{"start":{"line":20,"column":23},"end":{"line":20,"column":24}},"loc":{"start":{"line":20,"column":44},"end":{"line":36,"column":5}},"line":20},"5":{"name":"(anonymous_5)","decl":{"start":{"line":26,"column":24},"end":{"line":26,"column":25}},"loc":{"start":{"line":26,"column":44},"end":{"line":35,"column":7}},"line":26},"6":{"name":"(anonymous_6)","decl":{"start":{"line":30,"column":10},"end":{"line":30,"column":11}},"loc":{"start":{"line":30,"column":27},"end":{"line":33,"column":11}},"line":30}},"branchMap":{"0":{"loc":{"start":{"line":7,"column":8},"end":{"line":7,"column":36}},"type":"if","locations":[{"start":{"line":7,"column":8},"end":{"line":7,"column":36}},{"start":{},"end":{}}],"line":7},"1":{"loc":{"start":{"line":27,"column":8},"end":{"line":27,"column":36}},"type":"if","locations":[{"start":{"line":27,"column":8},"end":{"line":27,"column":36}},{"start":{},"end":{}}],"line":27},"2":{"loc":{"start":{"line":31,"column":12},"end":{"line":31,"column":40}},"type":"if","locations":[{"start":{"line":31,"column":12},"end":{"line":31,"column":40}},{"start":{},"end":{}}],"line":31}},"s":{"0":1,"1":1,"2":2,"3":2,"4":2,"5":1,"6":1,"7":3,"8":3,"9":3,"10":3,"11":1,"12":2,"13":2,"14":1,"15":1,"16":1},"f":{"0":2,"1":2,"2":2,"3":3,"4":3,"5":3,"6":2},"b":{"0":[1,1],"1":[1,2],"2":[1,1]},"_coverageSchema":"1a1c01bbd47fc00a2c39e90264f33305004495a9","hash":"33bd1977c1964748fe7aa00092bb7632be58e65d"}
,"/Users/julenhopp/Desktop/School/proyecto_integrador/ferreteria_sap/backend/src/models/productosModel.js": {"path":"/Users/julenhopp/Desktop/School/proyecto_integrador/ferreteria_sap/backend/src/models/productosModel.js","statementMap":{"0":{"start":{"line":1,"column":11},"end":{"line":1,"column":34}},"1":{"start":{"line":3,"column":23},"end":{"line":76,"column":1}},"2":{"start":{"line":5,"column":4},"end":{"line":10,"column":7}},"3":{"start":{"line":6,"column":6},"end":{"line":9,"column":9}},"4":{"start":{"line":7,"column":8},"end":{"line":7,"column":36}},"5":{"start":{"line":7,"column":17},"end":{"line":7,"column":36}},"6":{"start":{"line":8,"column":8},"end":{"line":8,"column":24}},"7":{"start":{"line":20,"column":4},"end":{"line":35,"column":7}},"8":{"start":{"line":21,"column":20},"end":{"line":24,"column":7}},"9":{"start":{"line":25,"column":6},"end":{"line":34,"column":9}},"10":{"start":{"line":26,"column":8},"end":{"line":26,"column":36}},"11":{"start":{"line":26,"column":17},"end":{"line":26,"column":36}},"12":{"start":{"line":27,"column":8},"end":{"line":33,"column":10}},"13":{"start":{"line":30,"column":12},"end":{"line":30,"column":40}},"14":{"start":{"line":30,"column":21},"end":{"line":30,"column":40}},"15":{"start":{"line":31,"column":12},"end":{"line":31,"column":28}},"16":{"start":{"line":39,"column":4},"end":{"line":52,"column":7}},"17":{"start":{"line":40,"column":20},"end":{"line":44,"column":7}},"18":{"start":{"line":45,"column":6},"end":{"line":51,"column":9}},"19":{"start":{"line":46,"column":8},"end":{"line":46,"column":36}},"20":{"start":{"line":46,"column":17},"end":{"line":46,"column":36}},"21":{"start":{"line":47,"column":8},"end":{"line":50,"column":11}},"22":{"start":{"line":48,"column":10},"end":{"line":48,"column":38}},"23":{"start":{"line":48,"column":19},"end":{"line":48,"column":38}},"24":{"start":{"line":49,"column":10},"end":{"line":49,"column":26}},"25":{"start":{"line":56,"column":4},"end":{"line":61,"column":7}},"26":{"start":{"line":57,"column":6},"end":{"line":60,"column":9}},"27":{"start":{"line":58,"column":8},"end":{"line":58,"column":36}},"28":{"start":{"line":58,"column":17},"end":{"line":58,"column":36}},"29":{"start":{"line":59,"column":8},"end":{"line":59,"column":24}},"30":{"start":{"line":65,"column":4},"end":{"line":74,"column":6}},"31":{"start":{"line":66,"column":20},"end":{"line":66,"column":65}},"32":{"start":{"line":67,"column":6},"end":{"line":73,"column":9}},"33":{"start":{"line":68,"column":8},"end":{"line":68,"column":36}},"34":{"start":{"line":68,"column":17},"end":{"line":68,"column":36}},"35":{"start":{"line":69,"column":8},"end":{"line":72,"column":11}},"36":{"start":{"line":70,"column":10},"end":{"line":70,"column":38}},"37":{"start":{"line":70,"column":19},"end":{"line":70,"column":38}},"38":{"start":{"line":71,"column":10},"end":{"line":71,"column":26}},"39":{"start":{"line":78,"column":0},"end":{"line":78,"column":32}}},"fnMap":{"0":{"name":"(anonymous_0)","decl":{"start":{"line":4,"column":10},"end":{"line":4,"column":11}},"loc":{"start":{"line":4,"column":22},"end":{"line":11,"column":3}},"line":4},"1":{"name":"(anonymous_1)","decl":{"start":{"line":5,"column":23},"end":{"line":5,"column":24}},"loc":{"start":{"line":5,"column":44},"end":{"line":10,"column":5}},"line":5},"2":{"name":"(anonymous_2)","decl":{"start":{"line":6,"column":41},"end":{"line":6,"column":42}},"loc":{"start":{"line":6,"column":58},"end":{"line":9,"column":7}},"line":6},"3":{"name":"(anonymous_3)","decl":{"start":{"line":13,"column":10},"end":{"line":13,"column":11}},"loc":{"start":{"line":19,"column":8},"end":{"line":36,"column":3}},"line":19},"4":{"name":"(anonymous_4)","decl":{"start":{"line":20,"column":23},"end":{"line":20,"column":24}},"loc":{"start":{"line":20,"column":44},"end":{"line":35,"column":5}},"line":20},"5":{"name":"(anonymous_5)","decl":{"start":{"line":25,"column":24},"end":{"line":25,"column":25}},"loc":{"start":{"line":25,"column":44},"end":{"line":34,"column":7}},"line":25},"6":{"name":"(anonymous_6)","decl":{"start":{"line":29,"column":10},"end":{"line":29,"column":11}},"loc":{"start":{"line":29,"column":27},"end":{"line":32,"column":11}},"line":29},"7":{"name":"(anonymous_7)","decl":{"start":{"line":38,"column":14},"end":{"line":38,"column":15}},"loc":{"start":{"line":38,"column":54},"end":{"line":53,"column":3}},"line":38},"8":{"name":"(anonymous_8)","decl":{"start":{"line":39,"column":23},"end":{"line":39,"column":24}},"loc":{"start":{"line":39,"column":44},"end":{"line":52,"column":5}},"line":39},"9":{"name":"(anonymous_9)","decl":{"start":{"line":45,"column":24},"end":{"line":45,"column":25}},"loc":{"start":{"line":45,"column":44},"end":{"line":51,"column":7}},"line":45},"10":{"name":"(anonymous_10)","decl":{"start":{"line":47,"column":51},"end":{"line":47,"column":52}},"loc":{"start":{"line":47,"column":68},"end":{"line":50,"column":9}},"line":47},"11":{"name":"(anonymous_11)","decl":{"start":{"line":55,"column":20},"end":{"line":55,"column":21}},"loc":{"start":{"line":55,"column":32},"end":{"line":62,"column":3}},"line":55},"12":{"name":"(anonymous_12)","decl":{"start":{"line":56,"column":23},"end":{"line":56,"column":24}},"loc":{"start":{"line":56,"column":44},"end":{"line":61,"column":5}},"line":56},"13":{"name":"(anonymous_13)","decl":{"start":{"line":57,"column":42},"end":{"line":57,"column":43}},"loc":{"start":{"line":57,"column":59},"end":{"line":60,"column":7}},"line":57},"14":{"name":"(anonymous_14)","decl":{"start":{"line":64,"column":18},"end":{"line":64,"column":19}},"loc":{"start":{"line":64,"column":36},"end":{"line":75,"column":3}},"line":64},"15":{"name":"(anonymous_15)","decl":{"start":{"line":65,"column":23},"end":{"line":65,"column":24}},"loc":{"start":{"line":65,"column":44},"end":{"line":74,"column":5}},"line":65},"16":{"name":"(anonymous_16)","decl":{"start":{"line":67,"column":24},"end":{"line":67,"column":25}},"loc":{"start":{"line":67,"column":44},"end":{"line":73,"column":7}},"line":67},"17":{"name":"(anonymous_17)","decl":{"start":{"line":69,"column":33},"end":{"line":69,"column":34}},"loc":{"start":{"line":69,"column":50},"end":{"line":72,"column":9}},"line":69}},"branchMap":{"0":{"loc":{"start":{"line":7,"column":8},"end":{"line":7,"column":36}},"type":"if","locations":[{"start":{"line":7,"column":8},"end":{"line":7,"column":36}},{"start":{},"end":{}}],"line":7},"1":{"loc":{"start":{"line":26,"column":8},"end":{"line":26,"column":36}},"type":"if","locations":[{"start":{"line":26,"column":8},"end":{"line":26,"column":36}},{"start":{},"end":{}}],"line":26},"2":{"loc":{"start":{"line":30,"column":12},"end":{"line":30,"column":40}},"type":"if","locations":[{"start":{"line":30,"column":12},"end":{"line":30,"column":40}},{"start":{},"end":{}}],"line":30},"3":{"loc":{"start":{"line":46,"column":8},"end":{"line":46,"column":36}},"type":"if","locations":[{"start":{"line":46,"column":8},"end":{"line":46,"column":36}},{"start":{},"end":{}}],"line":46},"4":{"loc":{"start":{"line":48,"column":10},"end":{"line":48,"column":38}},"type":"if","locations":[{"start":{"line":48,"column":10},"end":{"line":48,"column":38}},{"start":{},"end":{}}],"line":48},"5":{"loc":{"start":{"line":58,"column":8},"end":{"line":58,"column":36}},"type":"if","locations":[{"start":{"line":58,"column":8},"end":{"line":58,"column":36}},{"start":{},"end":{}}],"line":58},"6":{"loc":{"start":{"line":68,"column":8},"end":{"line":68,"column":36}},"type":"if","locations":[{"start":{"line":68,"column":8},"end":{"line":68,"column":36}},{"start":{},"end":{}}],"line":68},"7":{"loc":{"start":{"line":70,"column":10},"end":{"line":70,"column":38}},"type":"if","locations":[{"start":{"line":70,"column":10},"end":{"line":70,"column":38}},{"start":{},"end":{}}],"line":70}},"s":{"0":1,"1":1,"2":2,"3":2,"4":2,"5":1,"6":1,"7":3,"8":3,"9":3,"10":3,"11":1,"12":2,"13":2,"14":1,"15":1,"16":3,"17":3,"18":3,"19":3,"20":1,"21":2,"22":2,"23":1,"24":1,"25":2,"26":2,"27":2,"28":1,"29":1,"30":3,"31":3,"32":3,"33":3,"34":1,"35":2,"36":2,"37":1,"38":1,"39":1},"f":{"0":2,"1":2,"2":2,"3":3,"4":3,"5":3,"6":2,"7":3,"8":3,"9":3,"10":2,"11":2,"12":2,"13":2,"14":3,"15":3,"16":3,"17":2},"b":{"0":[1,1],"1":[1,2],"2":[1,1],"3":[1,2],"4":[1,1],"5":[1,1],"6":[1,2],"7":[1,1]},"_coverageSchema":"1a1c01bbd47fc00a2c39e90264f33305004495a9","hash":"87fe27d918af074d386d73e452834bf3755f9ef1"}
,"/Users/julenhopp/Desktop/School/proyecto_integrador/ferreteria_sap/backend/src/models/proveedoresModel.js": {"path":"/Users/julenhopp/Desktop/School/proyecto_integrador/ferreteria_sap/backend/src/models/proveedoresModel.js","statementMap":{"0":{"start":{"line":1,"column":22},"end":{"line":1,"column":50}},"1":{"start":{"line":3,"column":23},"end":{"line":25,"column":1}},"2":{"start":{"line":4,"column":16},"end":{"line":4,"column":54}},"3":{"start":{"line":7,"column":19},"end":{"line":7,"column":82}},"4":{"start":{"line":8,"column":4},"end":{"line":8,"column":48}},"5":{"start":{"line":12,"column":4},"end":{"line":15,"column":5}},"6":{"start":{"line":18,"column":4},"end":{"line":21,"column":22}},"7":{"start":{"line":21,"column":17},"end":{"line":21,"column":21}},"8":{"start":{"line":24,"column":4},"end":{"line":24,"column":76}},"9":{"start":{"line":24,"column":71},"end":{"line":24,"column":75}},"10":{"start":{"line":27,"column":0},"end":{"line":27,"column":32}}},"fnMap":{"0":{"name":"(anonymous_0)","decl":{"start":{"line":4,"column":10},"end":{"line":4,"column":11}},"loc":{"start":{"line":4,"column":16},"end":{"line":4,"column":54}},"line":4},"1":{"name":"(anonymous_1)","decl":{"start":{"line":6,"column":11},"end":{"line":6,"column":12}},"loc":{"start":{"line":6,"column":25},"end":{"line":9,"column":3}},"line":6},"2":{"name":"(anonymous_2)","decl":{"start":{"line":11,"column":10},"end":{"line":11,"column":11}},"loc":{"start":{"line":12,"column":4},"end":{"line":15,"column":5}},"line":12},"3":{"name":"(anonymous_3)","decl":{"start":{"line":17,"column":10},"end":{"line":17,"column":11}},"loc":{"start":{"line":18,"column":4},"end":{"line":21,"column":22}},"line":18},"4":{"name":"(anonymous_4)","decl":{"start":{"line":21,"column":11},"end":{"line":21,"column":12}},"loc":{"start":{"line":21,"column":17},"end":{"line":21,"column":21}},"line":21},"5":{"name":"(anonymous_5)","decl":{"start":{"line":23,"column":10},"end":{"line":23,"column":11}},"loc":{"start":{"line":24,"column":4},"end":{"line":24,"column":76}},"line":24},"6":{"name":"(anonymous_6)","decl":{"start":{"line":24,"column":65},"end":{"line":24,"column":66}},"loc":{"start":{"line":24,"column":71},"end":{"line":24,"column":75}},"line":24}},"branchMap":{"0":{"loc":{"start":{"line":8,"column":11},"end":{"line":8,"column":47}},"type":"cond-expr","locations":[{"start":{"line":8,"column":31},"end":{"line":8,"column":40}},{"start":{"line":8,"column":43},"end":{"line":8,"column":47}}],"line":8}},"s":{"0":1,"1":1,"2":1,"3":2,"4":2,"5":1,"6":1,"7":1,"8":1,"9":1,"10":1},"f":{"0":1,"1":2,"2":1,"3":1,"4":1,"5":1,"6":1},"b":{"0":[1,1]},"_coverageSchema":"1a1c01bbd47fc00a2c39e90264f33305004495a9","hash":"99f7d96bd2971171b132f20886b463dbaa83ecb0"}
,"/Users/julenhopp/Desktop/School/proyecto_integrador/ferreteria_sap/backend/src/models/usuariosModel.js": {"path":"/Users/julenhopp/Desktop/School/proyecto_integrador/ferreteria_sap/backend/src/models/usuariosModel.js","statementMap":{"0":{"start":{"line":2,"column":11},"end":{"line":2,"column":34}},"1":{"start":{"line":3,"column":15},"end":{"line":3,"column":32}},"2":{"start":{"line":5,"column":21},"end":{"line":88,"column":1}},"3":{"start":{"line":7,"column":4},"end":{"line":12,"column":7}},"4":{"start":{"line":8,"column":6},"end":{"line":11,"column":9}},"5":{"start":{"line":9,"column":8},"end":{"line":9,"column":36}},"6":{"start":{"line":9,"column":17},"end":{"line":9,"column":36}},"7":{"start":{"line":10,"column":8},"end":{"line":10,"column":24}},"8":{"start":{"line":16,"column":18},"end":{"line":16,"column":59}},"9":{"start":{"line":17,"column":19},"end":{"line":17,"column":51}},"10":{"start":{"line":18,"column":4},"end":{"line":18,"column":21}},"11":{"start":{"line":22,"column":27},"end":{"line":22,"column":60}},"12":{"start":{"line":24,"column":4},"end":{"line":36,"column":7}},"13":{"start":{"line":25,"column":20},"end":{"line":28,"column":7}},"14":{"start":{"line":29,"column":6},"end":{"line":35,"column":9}},"15":{"start":{"line":30,"column":8},"end":{"line":30,"column":36}},"16":{"start":{"line":30,"column":17},"end":{"line":30,"column":36}},"17":{"start":{"line":31,"column":8},"end":{"line":34,"column":11}},"18":{"start":{"line":32,"column":10},"end":{"line":32,"column":38}},"19":{"start":{"line":32,"column":19},"end":{"line":32,"column":38}},"20":{"start":{"line":33,"column":10},"end":{"line":33,"column":26}},"21":{"start":{"line":40,"column":25},"end":{"line":40,"column":29}},"22":{"start":{"line":42,"column":4},"end":{"line":44,"column":5}},"23":{"start":{"line":43,"column":6},"end":{"line":43,"column":57}},"24":{"start":{"line":46,"column":4},"end":{"line":64,"column":7}},"25":{"start":{"line":47,"column":20},"end":{"line":51,"column":7}},"26":{"start":{"line":53,"column":21},"end":{"line":55,"column":38}},"27":{"start":{"line":57,"column":6},"end":{"line":63,"column":9}},"28":{"start":{"line":58,"column":8},"end":{"line":58,"column":36}},"29":{"start":{"line":58,"column":17},"end":{"line":58,"column":36}},"30":{"start":{"line":59,"column":8},"end":{"line":62,"column":11}},"31":{"start":{"line":60,"column":10},"end":{"line":60,"column":38}},"32":{"start":{"line":60,"column":19},"end":{"line":60,"column":38}},"33":{"start":{"line":61,"column":10},"end":{"line":61,"column":26}},"34":{"start":{"line":68,"column":4},"end":{"line":77,"column":7}},"35":{"start":{"line":69,"column":20},"end":{"line":69,"column":55}},"36":{"start":{"line":70,"column":6},"end":{"line":76,"column":9}},"37":{"start":{"line":71,"column":8},"end":{"line":71,"column":36}},"38":{"start":{"line":71,"column":17},"end":{"line":71,"column":36}},"39":{"start":{"line":72,"column":8},"end":{"line":75,"column":11}},"40":{"start":{"line":73,"column":10},"end":{"line":73,"column":38}},"41":{"start":{"line":73,"column":19},"end":{"line":73,"column":38}},"42":{"start":{"line":74,"column":10},"end":{"line":74,"column":26}},"43":{"start":{"line":81,"column":4},"end":{"line":86,"column":7}},"44":{"start":{"line":82,"column":6},"end":{"line":85,"column":9}},"45":{"start":{"line":83,"column":8},"end":{"line":83,"column":36}},"46":{"start":{"line":83,"column":17},"end":{"line":83,"column":36}},"47":{"start":{"line":84,"column":8},"end":{"line":84,"column":24}},"48":{"start":{"line":90,"column":0},"end":{"line":90,"column":30}}},"fnMap":{"0":{"name":"(anonymous_0)","decl":{"start":{"line":6,"column":10},"end":{"line":6,"column":11}},"loc":{"start":{"line":6,"column":22},"end":{"line":13,"column":3}},"line":6},"1":{"name":"(anonymous_1)","decl":{"start":{"line":7,"column":23},"end":{"line":7,"column":24}},"loc":{"start":{"line":7,"column":44},"end":{"line":12,"column":5}},"line":7},"2":{"name":"(anonymous_2)","decl":{"start":{"line":8,"column":53},"end":{"line":8,"column":54}},"loc":{"start":{"line":8,"column":70},"end":{"line":11,"column":7}},"line":8},"3":{"name":"(anonymous_3)","decl":{"start":{"line":15,"column":14},"end":{"line":15,"column":15}},"loc":{"start":{"line":15,"column":31},"end":{"line":19,"column":3}},"line":15},"4":{"name":"(anonymous_4)","decl":{"start":{"line":21,"column":10},"end":{"line":21,"column":11}},"loc":{"start":{"line":21,"column":60},"end":{"line":37,"column":3}},"line":21},"5":{"name":"(anonymous_5)","decl":{"start":{"line":24,"column":23},"end":{"line":24,"column":24}},"loc":{"start":{"line":24,"column":44},"end":{"line":36,"column":5}},"line":24},"6":{"name":"(anonymous_6)","decl":{"start":{"line":29,"column":24},"end":{"line":29,"column":25}},"loc":{"start":{"line":29,"column":44},"end":{"line":35,"column":7}},"line":29},"7":{"name":"(anonymous_7)","decl":{"start":{"line":31,"column":65},"end":{"line":31,"column":66}},"loc":{"start":{"line":31,"column":82},"end":{"line":34,"column":9}},"line":31},"8":{"name":"(anonymous_8)","decl":{"start":{"line":39,"column":10},"end":{"line":39,"column":11}},"loc":{"start":{"line":39,"column":64},"end":{"line":65,"column":3}},"line":39},"9":{"name":"(anonymous_9)","decl":{"start":{"line":46,"column":23},"end":{"line":46,"column":24}},"loc":{"start":{"line":46,"column":44},"end":{"line":64,"column":5}},"line":46},"10":{"name":"(anonymous_10)","decl":{"start":{"line":57,"column":24},"end":{"line":57,"column":25}},"loc":{"start":{"line":57,"column":44},"end":{"line":63,"column":7}},"line":57},"11":{"name":"(anonymous_11)","decl":{"start":{"line":59,"column":31},"end":{"line":59,"column":32}},"loc":{"start":{"line":59,"column":48},"end":{"line":62,"column":9}},"line":59},"12":{"name":"(anonymous_12)","decl":{"start":{"line":67,"column":10},"end":{"line":67,"column":11}},"loc":{"start":{"line":67,"column":24},"end":{"line":78,"column":3}},"line":67},"13":{"name":"(anonymous_13)","decl":{"start":{"line":68,"column":23},"end":{"line":68,"column":24}},"loc":{"start":{"line":68,"column":44},"end":{"line":77,"column":5}},"line":68},"14":{"name":"(anonymous_14)","decl":{"start":{"line":70,"column":24},"end":{"line":70,"column":25}},"loc":{"start":{"line":70,"column":44},"end":{"line":76,"column":7}},"line":70},"15":{"name":"(anonymous_15)","decl":{"start":{"line":72,"column":29},"end":{"line":72,"column":30}},"loc":{"start":{"line":72,"column":46},"end":{"line":75,"column":9}},"line":72},"16":{"name":"(anonymous_16)","decl":{"start":{"line":80,"column":15},"end":{"line":80,"column":16}},"loc":{"start":{"line":80,"column":27},"end":{"line":87,"column":3}},"line":80},"17":{"name":"(anonymous_17)","decl":{"start":{"line":81,"column":23},"end":{"line":81,"column":24}},"loc":{"start":{"line":81,"column":44},"end":{"line":86,"column":5}},"line":81},"18":{"name":"(anonymous_18)","decl":{"start":{"line":82,"column":37},"end":{"line":82,"column":38}},"loc":{"start":{"line":82,"column":54},"end":{"line":85,"column":7}},"line":82}},"branchMap":{"0":{"loc":{"start":{"line":9,"column":8},"end":{"line":9,"column":36}},"type":"if","locations":[{"start":{"line":9,"column":8},"end":{"line":9,"column":36}},{"start":{},"end":{}}],"line":9},"1":{"loc":{"start":{"line":30,"column":8},"end":{"line":30,"column":36}},"type":"if","locations":[{"start":{"line":30,"column":8},"end":{"line":30,"column":36}},{"start":{},"end":{}}],"line":30},"2":{"loc":{"start":{"line":32,"column":10},"end":{"line":32,"column":38}},"type":"if","locations":[{"start":{"line":32,"column":10},"end":{"line":32,"column":38}},{"start":{},"end":{}}],"line":32},"3":{"loc":{"start":{"line":42,"column":4},"end":{"line":44,"column":5}},"type":"if","locations":[{"start":{"line":42,"column":4},"end":{"line":44,"column":5}},{"start":{},"end":{}}],"line":42},"4":{"loc":{"start":{"line":49,"column":38},"end":{"line":49,"column":74}},"type":"cond-expr","locations":[{"start":{"line":49,"column":51},"end":{"line":49,"column":69}},{"start":{"line":49,"column":72},"end":{"line":49,"column":74}}],"line":49},"5":{"loc":{"start":{"line":53,"column":21},"end":{"line":55,"column":38}},"type":"cond-expr","locations":[{"start":{"line":54,"column":10},"end":{"line":54,"column":54}},{"start":{"line":55,"column":10},"end":{"line":55,"column":38}}],"line":53},"6":{"loc":{"start":{"line":58,"column":8},"end":{"line":58,"column":36}},"type":"if","locations":[{"start":{"line":58,"column":8},"end":{"line":58,"column":36}},{"start":{},"end":{}}],"line":58},"7":{"loc":{"start":{"line":60,"column":10},"end":{"line":60,"column":38}},"type":"if","locations":[{"start":{"line":60,"column":10},"end":{"line":60,"column":38}},{"start":{},"end":{}}],"line":60},"8":{"loc":{"start":{"line":71,"column":8},"end":{"line":71,"column":36}},"type":"if","locations":[{"start":{"line":71,"column":8},"end":{"line":71,"column":36}},{"start":{},"end":{}}],"line":71},"9":{"loc":{"start":{"line":73,"column":10},"end":{"line":73,"column":38}},"type":"if","locations":[{"start":{"line":73,"column":10},"end":{"line":73,"column":38}},{"start":{},"end":{}}],"line":73},"10":{"loc":{"start":{"line":83,"column":8},"end":{"line":83,"column":36}},"type":"if","locations":[{"start":{"line":83,"column":8},"end":{"line":83,"column":36}},{"start":{},"end":{}}],"line":83}},"s":{"0":1,"1":1,"2":1,"3":2,"4":2,"5":2,"6":1,"7":1,"8":1,"9":1,"10":1,"11":2,"12":2,"13":2,"14":2,"15":2,"16":1,"17":1,"18":1,"19":0,"20":1,"21":3,"22":3,"23":1,"24":3,"25":3,"26":3,"27":3,"28":3,"29":1,"30":2,"31":2,"32":0,"33":2,"34":2,"35":2,"36":2,"37":2,"38":1,"39":1,"40":1,"41":0,"42":1,"43":2,"44":2,"45":2,"46":1,"47":1,"48":1},"f":{"0":2,"1":2,"2":2,"3":1,"4":2,"5":2,"6":2,"7":1,"8":3,"9":3,"10":3,"11":2,"12":2,"13":2,"14":2,"15":1,"16":2,"17":2,"18":2},"b":{"0":[1,1],"1":[1,1],"2":[0,1],"3":[1,2],"4":[1,2],"5":[1,2],"6":[1,2],"7":[0,2],"8":[1,1],"9":[0,1],"10":[1,1]},"_coverageSchema":"1a1c01bbd47fc00a2c39e90264f33305004495a9","hash":"cb28df41c18a39b3c741809bd7c4a79b17953289"}
,"/Users/julenhopp/Desktop/School/proyecto_integrador/ferreteria_sap/backend/src/models/ventasModel.js": {"path":"/Users/julenhopp/Desktop/School/proyecto_integrador/ferreteria_sap/backend/src/models/ventasModel.js","statementMap":{"0":{"start":{"line":1,"column":11},"end":{"line":1,"column":34}},"1":{"start":{"line":3,"column":20},"end":{"line":31,"column":1}},"2":{"start":{"line":5,"column":4},"end":{"line":10,"column":7}},"3":{"start":{"line":6,"column":6},"end":{"line":9,"column":9}},"4":{"start":{"line":7,"column":8},"end":{"line":7,"column":36}},"5":{"start":{"line":7,"column":17},"end":{"line":7,"column":36}},"6":{"start":{"line":8,"column":8},"end":{"line":8,"column":24}},"7":{"start":{"line":14,"column":4},"end":{"line":29,"column":7}},"8":{"start":{"line":15,"column":20},"end":{"line":18,"column":7}},"9":{"start":{"line":19,"column":6},"end":{"line":28,"column":9}},"10":{"start":{"line":20,"column":8},"end":{"line":20,"column":36}},"11":{"start":{"line":20,"column":17},"end":{"line":20,"column":36}},"12":{"start":{"line":21,"column":8},"end":{"line":27,"column":10}},"13":{"start":{"line":24,"column":12},"end":{"line":24,"column":40}},"14":{"start":{"line":24,"column":21},"end":{"line":24,"column":40}},"15":{"start":{"line":25,"column":12},"end":{"line":25,"column":28}},"16":{"start":{"line":33,"column":0},"end":{"line":33,"column":29}}},"fnMap":{"0":{"name":"(anonymous_0)","decl":{"start":{"line":4,"column":10},"end":{"line":4,"column":11}},"loc":{"start":{"line":4,"column":22},"end":{"line":11,"column":3}},"line":4},"1":{"name":"(anonymous_1)","decl":{"start":{"line":5,"column":23},"end":{"line":5,"column":24}},"loc":{"start":{"line":5,"column":44},"end":{"line":10,"column":5}},"line":5},"2":{"name":"(anonymous_2)","decl":{"start":{"line":6,"column":38},"end":{"line":6,"column":39}},"loc":{"start":{"line":6,"column":55},"end":{"line":9,"column":7}},"line":6},"3":{"name":"(anonymous_3)","decl":{"start":{"line":13,"column":10},"end":{"line":13,"column":11}},"loc":{"start":{"line":13,"column":71},"end":{"line":30,"column":3}},"line":13},"4":{"name":"(anonymous_4)","decl":{"start":{"line":14,"column":23},"end":{"line":14,"column":24}},"loc":{"start":{"line":14,"column":44},"end":{"line":29,"column":5}},"line":14},"5":{"name":"(anonymous_5)","decl":{"start":{"line":19,"column":24},"end":{"line":19,"column":25}},"loc":{"start":{"line":19,"column":44},"end":{"line":28,"column":7}},"line":19},"6":{"name":"(anonymous_6)","decl":{"start":{"line":23,"column":10},"end":{"line":23,"column":11}},"loc":{"start":{"line":23,"column":27},"end":{"line":26,"column":11}},"line":23}},"branchMap":{"0":{"loc":{"start":{"line":7,"column":8},"end":{"line":7,"column":36}},"type":"if","locations":[{"start":{"line":7,"column":8},"end":{"line":7,"column":36}},{"start":{},"end":{}}],"line":7},"1":{"loc":{"start":{"line":20,"column":8},"end":{"line":20,"column":36}},"type":"if","locations":[{"start":{"line":20,"column":8},"end":{"line":20,"column":36}},{"start":{},"end":{}}],"line":20},"2":{"loc":{"start":{"line":24,"column":12},"end":{"line":24,"column":40}},"type":"if","locations":[{"start":{"line":24,"column":12},"end":{"line":24,"column":40}},{"start":{},"end":{}}],"line":24}},"s":{"0":1,"1":1,"2":2,"3":2,"4":2,"5":1,"6":1,"7":3,"8":3,"9":3,"10":3,"11":1,"12":2,"13":2,"14":1,"15":1,"16":1},"f":{"0":2,"1":2,"2":2,"3":3,"4":3,"5":3,"6":2},"b":{"0":[1,1],"1":[1,2],"2":[1,1]},"_coverageSchema":"1a1c01bbd47fc00a2c39e90264f33305004495a9","hash":"4feecc4dec08201b96cc4798904c7ed53b5d6261"}
,"/Users/julenhopp/Desktop/School/proyecto_integrador/ferreteria_sap/backend/src/routes/authRoutes.js": {"path":"/Users/julenhopp/Desktop/School/proyecto_integrador/ferreteria_sap/backend/src/routes/authRoutes.js","statementMap":{"0":{"start":{"line":1,"column":16},"end":{"line":1,"column":34}},"1":{"start":{"line":2,"column":15},"end":{"line":2,"column":31}},"2":{"start":{"line":3,"column":23},"end":{"line":3,"column":63}},"3":{"start":{"line":5,"column":0},"end":{"line":5,"column":44}},"4":{"start":{"line":7,"column":0},"end":{"line":7,"column":24}}},"fnMap":{},"branchMap":{},"s":{"0":1,"1":1,"2":1,"3":1,"4":1},"f":{},"b":{},"_coverageSchema":"1a1c01bbd47fc00a2c39e90264f33305004495a9","hash":"6d1c92cdddfd0f25f93e0ff6b4e1aa2f150ebc5c"}
,"/Users/julenhopp/Desktop/School/proyecto_integrador/ferreteria_sap/backend/src/routes/inventarioRoutes.js": {"path":"/Users/julenhopp/Desktop/School/proyecto_integrador/ferreteria_sap/backend/src/routes/inventarioRoutes.js","statementMap":{"0":{"start":{"line":1,"column":16},"end":{"line":1,"column":34}},"1":{"start":{"line":2,"column":15},"end":{"line":2,"column":31}},"2":{"start":{"line":3,"column":29},"end":{"line":3,"column":75}},"3":{"start":{"line":5,"column":0},"end":{"line":5,"column":55}},"4":{"start":{"line":6,"column":0},"end":{"line":6,"column":78}},"5":{"start":{"line":7,"column":0},"end":{"line":7,"column":56}},"6":{"start":{"line":8,"column":0},"end":{"line":8,"column":68}},"7":{"start":{"line":9,"column":0},"end":{"line":9,"column":70}},"8":{"start":{"line":10,"column":0},"end":{"line":10,"column":92}},"9":{"start":{"line":12,"column":0},"end":{"line":12,"column":24}}},"fnMap":{},"branchMap":{},"s":{"0":1,"1":1,"2":1,"3":1,"4":1,"5":1,"6":1,"7":1,"8":1,"9":1},"f":{},"b":{},"_coverageSchema":"1a1c01bbd47fc00a2c39e90264f33305004495a9","hash":"b3c752b138e7fe25b032f2bd15de46b6939dfbc9"}
,"/Users/julenhopp/Desktop/School/proyecto_integrador/ferreteria_sap/backend/src/routes/ordenesRoutes.js": {"path":"/Users/julenhopp/Desktop/School/proyecto_integrador/ferreteria_sap/backend/src/routes/ordenesRoutes.js","statementMap":{"0":{"start":{"line":1,"column":16},"end":{"line":1,"column":34}},"1":{"start":{"line":2,"column":15},"end":{"line":2,"column":31}},"2":{"start":{"line":3,"column":26},"end":{"line":3,"column":69}},"3":{"start":{"line":5,"column":0},"end":{"line":5,"column":46}},"4":{"start":{"line":6,"column":0},"end":{"line":6,"column":69}},"5":{"start":{"line":7,"column":0},"end":{"line":7,"column":63}},"6":{"start":{"line":8,"column":0},"end":{"line":8,"column":51}},"7":{"start":{"line":9,"column":0},"end":{"line":9,"column":48}},"8":{"start":{"line":10,"column":0},"end":{"line":10,"column":50}},"9":{"start":{"line":11,"column":0},"end":{"line":11,"column":60}},"10":{"start":{"line":12,"column":0},"end":{"line":12,"column":53}},"11":{"start":{"line":14,"column":0},"end":{"line":14,"column":24}}},"fnMap":{},"branchMap":{},"s":{"0":1,"1":1,"2":1,"3":1,"4":1,"5":1,"6":1,"7":1,"8":1,"9":1,"10":1,"11":1},"f":{},"b":{},"_coverageSchema":"1a1c01bbd47fc00a2c39e90264f33305004495a9","hash":"32872ce052224898492d006b5edaeb10bfeabc8d"}
,"/Users/julenhopp/Desktop/School/proyecto_integrador/ferreteria_sap/backend/src/routes/ordenesSugeridasIaRoutes.js": {"path":"/Users/julenhopp/Desktop/School/proyecto_integrador/ferreteria_sap/backend/src/routes/ordenesSugeridasIaRoutes.js","statementMap":{"0":{"start":{"line":1,"column":16},"end":{"line":1,"column":34}},"1":{"start":{"line":2,"column":15},"end":{"line":2,"column":31}},"2":{"start":{"line":3,"column":37},"end":{"line":3,"column":91}},"3":{"start":{"line":5,"column":0},"end":{"line":5,"column":60}},"4":{"start":{"line":6,"column":0},"end":{"line":6,"column":59}},"5":{"start":{"line":8,"column":0},"end":{"line":8,"column":24}}},"fnMap":{},"branchMap":{},"s":{"0":1,"1":1,"2":1,"3":1,"4":1,"5":1},"f":{},"b":{},"_coverageSchema":"1a1c01bbd47fc00a2c39e90264f33305004495a9","hash":"83952e0a7cd86fa135e5f3c83c121aff75290e7d"}
,"/Users/julenhopp/Desktop/School/proyecto_integrador/ferreteria_sap/backend/src/routes/productosRoutes.js": {"path":"/Users/julenhopp/Desktop/School/proyecto_integrador/ferreteria_sap/backend/src/routes/productosRoutes.js","statementMap":{"0":{"start":{"line":1,"column":16},"end":{"line":1,"column":34}},"1":{"start":{"line":2,"column":15},"end":{"line":2,"column":31}},"2":{"start":{"line":3,"column":28},"end":{"line":3,"column":73}},"3":{"start":{"line":5,"column":0},"end":{"line":5,"column":53}},"4":{"start":{"line":6,"column":0},"end":{"line":6,"column":53}},"5":{"start":{"line":7,"column":0},"end":{"line":7,"column":55}},"6":{"start":{"line":8,"column":0},"end":{"line":8,"column":61}},"7":{"start":{"line":9,"column":0},"end":{"line":9,"column":63}},"8":{"start":{"line":11,"column":0},"end":{"line":11,"column":24}}},"fnMap":{},"branchMap":{},"s":{"0":1,"1":1,"2":1,"3":1,"4":1,"5":1,"6":1,"7":1,"8":1},"f":{},"b":{},"_coverageSchema":"1a1c01bbd47fc00a2c39e90264f33305004495a9","hash":"9f4f796df48db4f018ef493d14b71220af79803a"}
,"/Users/julenhopp/Desktop/School/proyecto_integrador/ferreteria_sap/backend/src/routes/proveedoresRoutes.js": {"path":"/Users/julenhopp/Desktop/School/proyecto_integrador/ferreteria_sap/backend/src/routes/proveedoresRoutes.js","statementMap":{"0":{"start":{"line":1,"column":16},"end":{"line":1,"column":34}},"1":{"start":{"line":2,"column":15},"end":{"line":2,"column":31}},"2":{"start":{"line":3,"column":28},"end":{"line":3,"column":75}},"3":{"start":{"line":5,"column":0},"end":{"line":5,"column":55}},"4":{"start":{"line":6,"column":0},"end":{"line":6,"column":57}},"5":{"start":{"line":7,"column":0},"end":{"line":7,"column":54}},"6":{"start":{"line":8,"column":0},"end":{"line":8,"column":56}},"7":{"start":{"line":9,"column":0},"end":{"line":9,"column":59}},"8":{"start":{"line":11,"column":0},"end":{"line":11,"column":24}}},"fnMap":{},"branchMap":{},"s":{"0":1,"1":1,"2":1,"3":1,"4":1,"5":1,"6":1,"7":1,"8":1},"f":{},"b":{},"_coverageSchema":"1a1c01bbd47fc00a2c39e90264f33305004495a9","hash":"337f155874d21194c8df0896c0d47f8817af3f76"}
,"/Users/julenhopp/Desktop/School/proyecto_integrador/ferreteria_sap/backend/src/routes/usuariosRoutes.js": {"path":"/Users/julenhopp/Desktop/School/proyecto_integrador/ferreteria_sap/backend/src/routes/usuariosRoutes.js","statementMap":{"0":{"start":{"line":2,"column":16},"end":{"line":2,"column":34}},"1":{"start":{"line":3,"column":15},"end":{"line":3,"column":31}},"2":{"start":{"line":4,"column":26},"end":{"line":4,"column":70}},"3":{"start":{"line":6,"column":0},"end":{"line":6,"column":50}},"4":{"start":{"line":7,"column":0},"end":{"line":7,"column":50}},"5":{"start":{"line":8,"column":0},"end":{"line":8,"column":49}},"6":{"start":{"line":9,"column":0},"end":{"line":9,"column":52}},"7":{"start":{"line":10,"column":0},"end":{"line":10,"column":55}},"8":{"start":{"line":12,"column":0},"end":{"line":12,"column":24}}},"fnMap":{},"branchMap":{},"s":{"0":1,"1":1,"2":1,"3":1,"4":1,"5":1,"6":1,"7":1,"8":1},"f":{},"b":{},"_coverageSchema":"1a1c01bbd47fc00a2c39e90264f33305004495a9","hash":"566dd2f3bbce99633d2825511822ccc3faf81441"}
,"/Users/julenhopp/Desktop/School/proyecto_integrador/ferreteria_sap/backend/src/routes/ventasRoutes.js": {"path":"/Users/julenhopp/Desktop/School/proyecto_integrador/ferreteria_sap/backend/src/routes/ventasRoutes.js","statementMap":{"0":{"start":{"line":1,"column":16},"end":{"line":1,"column":34}},"1":{"start":{"line":2,"column":15},"end":{"line":2,"column":31}},"2":{"start":{"line":3,"column":25},"end":{"line":3,"column":67}},"3":{"start":{"line":5,"column":0},"end":{"line":5,"column":47}},"4":{"start":{"line":6,"column":0},"end":{"line":6,"column":47}},"5":{"start":{"line":8,"column":0},"end":{"line":8,"column":24}}},"fnMap":{},"branchMap":{},"s":{"0":1,"1":1,"2":1,"3":1,"4":1,"5":1},"f":{},"b":{},"_coverageSchema":"1a1c01bbd47fc00a2c39e90264f33305004495a9","hash":"7320ad7535e4663bf360de4ed8a594aff73b7428"}
,"/Users/julenhopp/Desktop/School/proyecto_integrador/ferreteria_sap/backend/src/utils/db_utils.js": {"path":"/Users/julenhopp/Desktop/School/proyecto_integrador/ferreteria_sap/backend/src/utils/db_utils.js","statementMap":{"0":{"start":{"line":1,"column":11},"end":{"line":1,"column":34}},"1":{"start":{"line":4,"column":2},"end":{"line":12,"column":5}},"2":{"start":{"line":5,"column":4},"end":{"line":11,"column":7}},"3":{"start":{"line":6,"column":6},"end":{"line":6,"column":34}},"4":{"start":{"line":6,"column":15},"end":{"line":6,"column":34}},"5":{"start":{"line":7,"column":6},"end":{"line":10,"column":9}},"6":{"start":{"line":8,"column":8},"end":{"line":8,"column":36}},"7":{"start":{"line":8,"column":17},"end":{"line":8,"column":36}},"8":{"start":{"line":9,"column":8},"end":{"line":9,"column":24}},"9":{"start":{"line":15,"column":0},"end":{"line":15,"column":31}}},"fnMap":{"0":{"name":"execQuery","decl":{"start":{"line":3,"column":9},"end":{"line":3,"column":18}},"loc":{"start":{"line":3,"column":39},"end":{"line":13,"column":1}},"line":3},"1":{"name":"(anonymous_1)","decl":{"start":{"line":4,"column":21},"end":{"line":4,"column":22}},"loc":{"start":{"line":4,"column":42},"end":{"line":12,"column":3}},"line":4},"2":{"name":"(anonymous_2)","decl":{"start":{"line":5,"column":22},"end":{"line":5,"column":23}},"loc":{"start":{"line":5,"column":42},"end":{"line":11,"column":5}},"line":5},"3":{"name":"(anonymous_3)","decl":{"start":{"line":7,"column":29},"end":{"line":7,"column":30}},"loc":{"start":{"line":7,"column":46},"end":{"line":10,"column":7}},"line":7}},"branchMap":{"0":{"loc":{"start":{"line":3,"column":26},"end":{"line":3,"column":37}},"type":"default-arg","locations":[{"start":{"line":3,"column":35},"end":{"line":3,"column":37}}],"line":3},"1":{"loc":{"start":{"line":6,"column":6},"end":{"line":6,"column":34}},"type":"if","locations":[{"start":{"line":6,"column":6},"end":{"line":6,"column":34}},{"start":{},"end":{}}],"line":6},"2":{"loc":{"start":{"line":8,"column":8},"end":{"line":8,"column":36}},"type":"if","locations":[{"start":{"line":8,"column":8},"end":{"line":8,"column":36}},{"start":{},"end":{}}],"line":8}},"s":{"0":0,"1":0,"2":0,"3":0,"4":0,"5":0,"6":0,"7":0,"8":0,"9":0},"f":{"0":0,"1":0,"2":0,"3":0},"b":{"0":[0],"1":[0,0],"2":[0,0]}}
}
