TN:
SF:src/controllers/authController.js
FN:8,(anonymous_0)
FNF:1
FNH:1
FNDA:3,(anonymous_0)
DA:1,1
DA:2,1
DA:3,1
DA:4,1
DA:6,1
DA:8,1
DA:9,3
DA:11,3
DA:12,3
DA:14,2
DA:15,2
DA:17,1
DA:18,1
LF:13
LH:13
BRDA:12,0,0,1
BRDA:12,0,1,2
BRDA:15,1,0,1
BRDA:15,1,1,1
BRF:4
BRH:4
end_of_record
TN:
SF:src/controllers/inventarioController.js
FN:4,(anonymous_0)
FN:13,(anonymous_1)
FN:22,(anonymous_2)
FN:34,(anonymous_3)
FN:50,(anonymous_4)
FN:66,(anonymous_5)
FNF:6
FNH:6
FNDA:1,(anonymous_0)
FNDA:1,(anonymous_1)
FNDA:1,(anonymous_2)
FNDA:2,(anonymous_3)
FNDA:2,(anonymous_4)
FNDA:2,(anonymous_5)
DA:1,1
DA:3,1
DA:5,1
DA:6,1
DA:7,1
DA:9,0
DA:14,1
DA:15,1
DA:16,1
DA:18,0
DA:23,1
DA:24,1
DA:25,1
DA:26,1
DA:30,0
DA:35,2
DA:36,2
DA:38,2
DA:39,1
DA:41,2
DA:42,2
DA:46,0
DA:51,2
DA:52,2
DA:54,2
DA:55,1
DA:57,2
DA:58,2
DA:62,0
DA:67,2
DA:77,2
DA:79,2
DA:89,1
DA:94,1
DA:105,1
DA:107,0
DA:108,0
DA:113,1
LF:38
LH:31
BRDA:38,0,0,1
BRDA:38,0,1,1
BRDA:38,1,0,2
BRDA:38,1,1,2
BRDA:38,1,2,2
BRDA:54,2,0,1
BRDA:54,2,1,1
BRDA:54,3,0,2
BRDA:54,3,1,2
BRDA:79,4,0,1
BRDA:79,4,1,1
BRDA:80,5,0,2
BRDA:80,5,1,1
BRDA:80,5,2,1
BRDA:80,5,3,1
BRDA:80,5,4,1
BRDA:80,5,5,1
BRDA:80,5,6,1
BRDA:80,5,7,1
BRF:19
BRH:19
end_of_record
TN:
SF:src/controllers/ordenesController.js
FN:4,(anonymous_0)
FN:13,(anonymous_1)
FN:22,(anonymous_2)
FN:32,(anonymous_3)
FN:42,(anonymous_4)
FN:52,(anonymous_5)
FN:63,(anonymous_6)
FN:73,(anonymous_7)
FNF:8
FNH:8
FNDA:1,(anonymous_0)
FNDA:1,(anonymous_1)
FNDA:2,(anonymous_2)
FNDA:1,(anonymous_3)
FNDA:2,(anonymous_4)
FNDA:2,(anonymous_5)
FNDA:2,(anonymous_6)
FNDA:1,(anonymous_7)
DA:1,1
DA:3,1
DA:5,1
DA:6,1
DA:7,1
DA:9,0
DA:14,1
DA:15,1
DA:16,1
DA:18,0
DA:23,2
DA:24,2
DA:25,2
DA:26,1
DA:28,0
DA:33,1
DA:34,1
DA:35,1
DA:36,1
DA:38,0
DA:43,2
DA:44,2
DA:45,2
DA:46,1
DA:48,0
DA:53,2
DA:54,2
DA:55,2
DA:56,2
DA:57,1
DA:59,0
DA:64,2
DA:65,2
DA:66,2
DA:67,1
DA:69,0
DA:74,1
DA:75,1
DA:76,1
DA:78,0
DA:83,1
LF:41
LH:33
BRDA:25,0,0,1
BRDA:25,0,1,1
BRDA:45,1,0,1
BRDA:45,1,1,1
BRDA:56,2,0,1
BRDA:56,2,1,1
BRDA:66,3,0,1
BRDA:66,3,1,1
BRF:8
BRH:8
end_of_record
TN:
SF:src/controllers/ordenesSugeridasIaController.js
FN:4,(anonymous_0)
FN:13,(anonymous_1)
FNF:2
FNH:2
FNDA:2,(anonymous_0)
FNDA:2,(anonymous_1)
DA:1,1
DA:3,1
DA:5,2
DA:6,2
DA:7,1
DA:9,1
DA:14,2
DA:16,2
DA:17,2
DA:24,1
DA:26,1
DA:31,1
LF:12
LH:12
BRF:0
BRH:0
end_of_record
TN:
SF:src/controllers/productosController.js
FN:4,(anonymous_0)
FN:13,(anonymous_1)
FN:35,(anonymous_2)
FN:47,(anonymous_3)
FN:56,(anonymous_4)
FNF:5
FNH:5
FNDA:1,(anonymous_0)
FNDA:1,(anonymous_1)
FNDA:1,(anonymous_2)
FNDA:1,(anonymous_3)
FNDA:1,(anonymous_4)
DA:1,1
DA:3,1
DA:5,1
DA:6,1
DA:7,1
DA:9,0
DA:14,1
DA:21,1
DA:22,1
DA:29,1
DA:31,0
DA:36,1
DA:37,1
DA:38,1
DA:40,1
DA:41,1
DA:43,0
DA:48,1
DA:49,1
DA:50,1
DA:52,0
DA:57,1
DA:58,1
DA:59,1
DA:60,1
DA:62,0
DA:67,1
LF:27
LH:22
BRF:0
BRH:0
end_of_record
TN:
SF:src/controllers/proveedoresController.js
FN:4,(anonymous_0)
FN:13,(anonymous_1)
FN:23,(anonymous_2)
FN:33,(anonymous_3)
FN:45,(anonymous_4)
FNF:5
FNH:5
FNDA:2,(anonymous_0)
FNDA:3,(anonymous_1)
FNDA:2,(anonymous_2)
FNDA:3,(anonymous_3)
FNDA:3,(anonymous_4)
DA:1,1
DA:3,1
DA:5,2
DA:6,2
DA:7,1
DA:9,1
DA:14,3
DA:15,3
DA:16,2
DA:17,1
DA:19,1
DA:24,2
DA:25,2
DA:26,2
DA:27,1
DA:29,1
DA:34,3
DA:35,3
DA:36,3
DA:37,2
DA:38,2
DA:39,1
DA:41,1
DA:46,3
DA:47,3
DA:48,2
DA:49,1
DA:51,1
DA:56,1
LF:29
LH:29
BRDA:16,0,0,1
BRDA:16,0,1,1
BRDA:38,1,0,1
BRDA:38,1,1,1
BRDA:48,2,0,1
BRDA:48,2,1,1
BRF:6
BRH:6
end_of_record
TN:
SF:src/controllers/usuariosController.js
FN:5,(anonymous_0)
FN:14,(anonymous_1)
FN:25,(anonymous_2)
FN:36,(anonymous_3)
FN:46,(anonymous_4)
FNF:5
FNH:5
FNDA:1,(anonymous_0)
FNDA:1,(anonymous_1)
FNDA:1,(anonymous_2)
FNDA:1,(anonymous_3)
FNDA:1,(anonymous_4)
DA:2,1
DA:4,1
DA:6,1
DA:7,1
DA:8,1
DA:10,0
DA:15,1
DA:16,1
DA:17,1
DA:18,1
DA:20,0
DA:26,1
DA:27,1
DA:28,1
DA:29,1
DA:30,1
DA:32,0
DA:37,1
DA:38,1
DA:39,1
DA:40,1
DA:42,0
DA:47,1
DA:48,1
DA:49,1
DA:51,0
DA:56,1
LF:27
LH:22
BRF:0
BRH:0
end_of_record
TN:
SF:src/controllers/ventasController.js
FN:4,(anonymous_0)
FN:13,(anonymous_1)
FNF:2
FNH:2
FNDA:2,(anonymous_0)
FNDA:2,(anonymous_1)
DA:1,1
DA:3,1
DA:5,2
DA:6,2
DA:7,1
DA:9,1
DA:14,2
DA:15,2
DA:16,2
DA:22,1
DA:24,1
DA:29,1
LF:12
LH:12
BRF:0
BRH:0
end_of_record
TN:
SF:src/middlewares/authMiddleware.js
FN:3,(anonymous_0)
FNF:1
FNH:1
FNDA:3,(anonymous_0)
DA:1,1
DA:3,1
DA:4,3
DA:5,3
DA:7,2
DA:9,2
DA:10,2
DA:11,1
DA:12,1
DA:14,1
LF:10
LH:10
BRDA:5,0,0,1
BRDA:5,0,1,2
BRF:2
BRH:2
end_of_record
TN:
SF:src/models/inventarioModel.js
FN:4,(anonymous_0)
FN:5,(anonymous_1)
FN:6,(anonymous_2)
FN:13,(anonymous_3)
FN:14,(anonymous_4)
FN:15,(anonymous_5)
FN:22,(anonymous_6)
FN:23,(anonymous_7)
FN:28,(anonymous_8)
FN:30,(anonymous_9)
FN:38,(anonymous_10)
FN:39,(anonymous_11)
FN:43,(anonymous_12)
FN:51,(anonymous_13)
FN:52,(anonymous_14)
FN:60,(anonymous_15)
FN:68,(anonymous_16)
FN:78,(anonymous_17)
FN:93,(anonymous_18)
FNF:19
FNH:16
FNDA:2,(anonymous_0)
FNDA:2,(anonymous_1)
FNDA:2,(anonymous_2)
FNDA:0,(anonymous_3)
FNDA:0,(anonymous_4)
FNDA:0,(anonymous_5)
FNDA:2,(anonymous_6)
FNDA:2,(anonymous_7)
FNDA:2,(anonymous_8)
FNDA:1,(anonymous_9)
FNDA:1,(anonymous_10)
FNDA:1,(anonymous_11)
FNDA:1,(anonymous_12)
FNDA:1,(anonymous_13)
FNDA:1,(anonymous_14)
FNDA:1,(anonymous_15)
FNDA:1,(anonymous_16)
FNDA:1,(anonymous_17)
FNDA:1,(anonymous_18)
DA:1,1
DA:3,1
DA:5,2
DA:6,2
DA:7,2
DA:8,1
DA:14,0
DA:15,0
DA:16,0
DA:17,0
DA:23,2
DA:24,2
DA:28,2
DA:29,2
DA:30,1
DA:31,1
DA:32,1
DA:39,1
DA:40,1
DA:44,1
DA:45,1
DA:52,1
DA:53,1
DA:61,1
DA:62,1
DA:78,1
DA:79,1
DA:94,1
DA:95,0
DA:97,1
DA:104,1
LF:31
LH:26
BRDA:7,0,0,1
BRDA:7,0,1,1
BRDA:16,1,0,0
BRDA:16,1,1,0
BRDA:29,2,0,1
BRDA:29,2,1,1
BRDA:31,3,0,0
BRDA:31,3,1,1
BRDA:44,4,0,0
BRDA:44,4,1,1
BRDA:61,5,0,0
BRDA:61,5,1,1
BRDA:94,6,0,0
BRDA:94,6,1,1
BRF:14
BRH:8
end_of_record
TN:
SF:src/models/ordenesModel.js
FN:4,(anonymous_0)
FN:5,(anonymous_1)
FN:6,(anonymous_2)
FN:13,(anonymous_3)
FN:14,(anonymous_4)
FN:15,(anonymous_5)
FN:22,(anonymous_6)
FN:23,(anonymous_7)
FN:25,(anonymous_8)
FN:27,(anonymous_9)
FN:35,(anonymous_10)
FN:36,(anonymous_11)
FN:43,(anonymous_12)
FN:54,(anonymous_13)
FN:62,(anonymous_14)
FN:63,(anonymous_15)
FN:70,(anonymous_16)
FN:82,(anonymous_17)
FN:90,(anonymous_18)
FN:91,(anonymous_19)
FN:93,(anonymous_20)
FN:95,(anonymous_21)
FN:103,(anonymous_22)
FN:104,(anonymous_23)
FN:106,(anonymous_24)
FN:108,(anonymous_25)
FN:116,(anonymous_26)
FN:117,(anonymous_27)
FN:118,(anonymous_28)
FNF:29
FNH:26
FNDA:2,(anonymous_0)
FNDA:2,(anonymous_1)
FNDA:2,(anonymous_2)
FNDA:0,(anonymous_3)
FNDA:0,(anonymous_4)
FNDA:0,(anonymous_5)
FNDA:4,(anonymous_6)
FNDA:4,(anonymous_7)
FNDA:4,(anonymous_8)
FNDA:3,(anonymous_9)
FNDA:2,(anonymous_10)
FNDA:2,(anonymous_11)
FNDA:2,(anonymous_12)
FNDA:1,(anonymous_13)
FNDA:2,(anonymous_14)
FNDA:2,(anonymous_15)
FNDA:2,(anonymous_16)
FNDA:1,(anonymous_17)
FNDA:2,(anonymous_18)
FNDA:2,(anonymous_19)
FNDA:2,(anonymous_20)
FNDA:1,(anonymous_21)
FNDA:2,(anonymous_22)
FNDA:2,(anonymous_23)
FNDA:2,(anonymous_24)
FNDA:1,(anonymous_25)
FNDA:2,(anonymous_26)
FNDA:2,(anonymous_27)
FNDA:2,(anonymous_28)
DA:1,1
DA:3,1
DA:5,2
DA:6,2
DA:7,2
DA:8,1
DA:14,0
DA:15,0
DA:16,0
DA:17,0
DA:23,4
DA:24,4
DA:25,4
DA:26,4
DA:27,3
DA:28,3
DA:29,2
DA:36,2
DA:37,2
DA:43,2
DA:44,2
DA:45,1
DA:55,1
DA:56,1
DA:63,2
DA:64,2
DA:70,2
DA:71,2
DA:72,1
DA:83,1
DA:84,1
DA:91,2
DA:92,2
DA:93,2
DA:94,2
DA:95,1
DA:96,1
DA:97,1
DA:104,2
DA:105,2
DA:106,2
DA:107,2
DA:108,1
DA:109,1
DA:110,1
DA:117,2
DA:118,2
DA:119,2
DA:120,1
DA:126,1
LF:50
LH:46
BRDA:7,0,0,1
BRDA:7,0,1,1
BRDA:16,1,0,0
BRDA:16,1,1,0
BRDA:26,2,0,1
BRDA:26,2,1,3
BRDA:28,3,0,1
BRDA:28,3,1,2
BRDA:29,4,0,1
BRDA:29,4,1,1
BRDA:44,5,0,1
BRDA:44,5,1,1
BRDA:55,6,0,0
BRDA:55,6,1,1
BRDA:71,7,0,1
BRDA:71,7,1,1
BRDA:83,8,0,0
BRDA:83,8,1,1
BRDA:94,9,0,1
BRDA:94,9,1,1
BRDA:96,10,0,0
BRDA:96,10,1,1
BRDA:107,11,0,1
BRDA:107,11,1,1
BRDA:109,12,0,0
BRDA:109,12,1,1
BRDA:119,13,0,1
BRDA:119,13,1,1
BRF:28
BRH:22
end_of_record
TN:
SF:src/models/ordenesSugeridasIaModel.js
FN:4,(anonymous_0)
FN:5,(anonymous_1)
FN:6,(anonymous_2)
FN:13,(anonymous_3)
FN:20,(anonymous_4)
FN:26,(anonymous_5)
FN:30,(anonymous_6)
FNF:7
FNH:7
FNDA:2,(anonymous_0)
FNDA:2,(anonymous_1)
FNDA:2,(anonymous_2)
FNDA:3,(anonymous_3)
FNDA:3,(anonymous_4)
FNDA:3,(anonymous_5)
FNDA:2,(anonymous_6)
DA:1,1
DA:3,1
DA:5,2
DA:6,2
DA:7,2
DA:8,1
DA:20,3
DA:21,3
DA:26,3
DA:27,3
DA:28,2
DA:31,2
DA:32,1
DA:40,1
LF:14
LH:14
BRDA:7,0,0,1
BRDA:7,0,1,1
BRDA:27,1,0,1
BRDA:27,1,1,2
BRDA:31,2,0,1
BRDA:31,2,1,1
BRF:6
BRH:6
end_of_record
TN:
SF:src/models/productosModel.js
FN:4,(anonymous_0)
FN:5,(anonymous_1)
FN:6,(anonymous_2)
FN:13,(anonymous_3)
FN:20,(anonymous_4)
FN:25,(anonymous_5)
FN:29,(anonymous_6)
FN:38,(anonymous_7)
FN:39,(anonymous_8)
FN:45,(anonymous_9)
FN:47,(anonymous_10)
FN:55,(anonymous_11)
FN:56,(anonymous_12)
FN:57,(anonymous_13)
FN:64,(anonymous_14)
FN:65,(anonymous_15)
FN:67,(anonymous_16)
FN:69,(anonymous_17)
FNF:18
FNH:18
FNDA:2,(anonymous_0)
FNDA:2,(anonymous_1)
FNDA:2,(anonymous_2)
FNDA:3,(anonymous_3)
FNDA:3,(anonymous_4)
FNDA:3,(anonymous_5)
FNDA:2,(anonymous_6)
FNDA:3,(anonymous_7)
FNDA:3,(anonymous_8)
FNDA:3,(anonymous_9)
FNDA:2,(anonymous_10)
FNDA:2,(anonymous_11)
FNDA:2,(anonymous_12)
FNDA:2,(anonymous_13)
FNDA:3,(anonymous_14)
FNDA:3,(anonymous_15)
FNDA:3,(anonymous_16)
FNDA:2,(anonymous_17)
DA:1,1
DA:3,1
DA:5,2
DA:6,2
DA:7,2
DA:8,1
DA:20,3
DA:21,3
DA:25,3
DA:26,3
DA:27,2
DA:30,2
DA:31,1
DA:39,3
DA:40,3
DA:45,3
DA:46,3
DA:47,2
DA:48,2
DA:49,1
DA:56,2
DA:57,2
DA:58,2
DA:59,1
DA:65,3
DA:66,3
DA:67,3
DA:68,3
DA:69,2
DA:70,2
DA:71,1
DA:78,1
LF:32
LH:32
BRDA:7,0,0,1
BRDA:7,0,1,1
BRDA:26,1,0,1
BRDA:26,1,1,2
BRDA:30,2,0,1
BRDA:30,2,1,1
BRDA:46,3,0,1
BRDA:46,3,1,2
BRDA:48,4,0,1
BRDA:48,4,1,1
BRDA:58,5,0,1
BRDA:58,5,1,1
BRDA:68,6,0,1
BRDA:68,6,1,2
BRDA:70,7,0,1
BRDA:70,7,1,1
BRF:16
BRH:16
end_of_record
TN:
SF:src/models/proveedoresModel.js
FN:4,(anonymous_0)
FN:6,(anonymous_1)
FN:11,(anonymous_2)
FN:17,(anonymous_3)
FN:21,(anonymous_4)
FN:23,(anonymous_5)
FN:24,(anonymous_6)
FNF:7
FNH:7
FNDA:1,(anonymous_0)
FNDA:2,(anonymous_1)
FNDA:1,(anonymous_2)
FNDA:1,(anonymous_3)
FNDA:1,(anonymous_4)
FNDA:1,(anonymous_5)
FNDA:1,(anonymous_6)
DA:1,1
DA:3,1
DA:4,1
DA:7,2
DA:8,2
DA:12,1
DA:18,1
DA:21,1
DA:24,1
DA:27,1
LF:10
LH:10
BRDA:8,0,0,1
BRDA:8,0,1,1
BRF:2
BRH:2
end_of_record
TN:
SF:src/models/usuariosModel.js
FN:6,(anonymous_0)
FN:7,(anonymous_1)
FN:8,(anonymous_2)
FN:15,(anonymous_3)
FN:21,(anonymous_4)
FN:24,(anonymous_5)
FN:29,(anonymous_6)
FN:31,(anonymous_7)
FN:39,(anonymous_8)
FN:46,(anonymous_9)
FN:57,(anonymous_10)
FN:59,(anonymous_11)
FN:67,(anonymous_12)
FN:68,(anonymous_13)
FN:70,(anonymous_14)
FN:72,(anonymous_15)
FN:80,(anonymous_16)
FN:81,(anonymous_17)
FN:82,(anonymous_18)
FNF:19
FNH:19
FNDA:2,(anonymous_0)
FNDA:2,(anonymous_1)
FNDA:2,(anonymous_2)
FNDA:1,(anonymous_3)
FNDA:2,(anonymous_4)
FNDA:2,(anonymous_5)
FNDA:2,(anonymous_6)
FNDA:1,(anonymous_7)
FNDA:3,(anonymous_8)
FNDA:3,(anonymous_9)
FNDA:3,(anonymous_10)
FNDA:2,(anonymous_11)
FNDA:2,(anonymous_12)
FNDA:2,(anonymous_13)
FNDA:2,(anonymous_14)
FNDA:1,(anonymous_15)
FNDA:2,(anonymous_16)
FNDA:2,(anonymous_17)
FNDA:2,(anonymous_18)
DA:2,1
DA:3,1
DA:5,1
DA:7,2
DA:8,2
DA:9,2
DA:10,1
DA:16,1
DA:17,1
DA:18,1
DA:22,2
DA:24,2
DA:25,2
DA:29,2
DA:30,2
DA:31,1
DA:32,1
DA:33,1
DA:40,3
DA:42,3
DA:43,1
DA:46,3
DA:47,3
DA:53,3
DA:57,3
DA:58,3
DA:59,2
DA:60,2
DA:61,2
DA:68,2
DA:69,2
DA:70,2
DA:71,2
DA:72,1
DA:73,1
DA:74,1
DA:81,2
DA:82,2
DA:83,2
DA:84,1
DA:90,1
LF:41
LH:41
BRDA:9,0,0,1
BRDA:9,0,1,1
BRDA:30,1,0,1
BRDA:30,1,1,1
BRDA:32,2,0,0
BRDA:32,2,1,1
BRDA:42,3,0,1
BRDA:42,3,1,2
BRDA:49,4,0,1
BRDA:49,4,1,2
BRDA:53,5,0,1
BRDA:53,5,1,2
BRDA:58,6,0,1
BRDA:58,6,1,2
BRDA:60,7,0,0
BRDA:60,7,1,2
BRDA:71,8,0,1
BRDA:71,8,1,1
BRDA:73,9,0,0
BRDA:73,9,1,1
BRDA:83,10,0,1
BRDA:83,10,1,1
BRF:22
BRH:19
end_of_record
TN:
SF:src/models/ventasModel.js
FN:4,(anonymous_0)
FN:5,(anonymous_1)
FN:6,(anonymous_2)
FN:13,(anonymous_3)
FN:14,(anonymous_4)
FN:19,(anonymous_5)
FN:23,(anonymous_6)
FNF:7
FNH:7
FNDA:2,(anonymous_0)
FNDA:2,(anonymous_1)
FNDA:2,(anonymous_2)
FNDA:3,(anonymous_3)
FNDA:3,(anonymous_4)
FNDA:3,(anonymous_5)
FNDA:2,(anonymous_6)
DA:1,1
DA:3,1
DA:5,2
DA:6,2
DA:7,2
DA:8,1
DA:14,3
DA:15,3
DA:19,3
DA:20,3
DA:21,2
DA:24,2
DA:25,1
DA:33,1
LF:14
LH:14
BRDA:7,0,0,1
BRDA:7,0,1,1
BRDA:20,1,0,1
BRDA:20,1,1,2
BRDA:24,2,0,1
BRDA:24,2,1,1
BRF:6
BRH:6
end_of_record
TN:
SF:src/routes/authRoutes.js
FNF:0
FNH:0
DA:1,1
DA:2,1
DA:3,1
DA:5,1
DA:7,1
LF:5
LH:5
BRF:0
BRH:0
end_of_record
TN:
SF:src/routes/inventarioRoutes.js
FNF:0
FNH:0
DA:1,1
DA:2,1
DA:3,1
DA:5,1
DA:6,1
DA:7,1
DA:8,1
DA:9,1
DA:10,1
DA:12,1
LF:10
LH:10
BRF:0
BRH:0
end_of_record
TN:
SF:src/routes/ordenesRoutes.js
FNF:0
FNH:0
DA:1,1
DA:2,1
DA:3,1
DA:5,1
DA:6,1
DA:7,1
DA:8,1
DA:9,1
DA:10,1
DA:11,1
DA:12,1
DA:14,1
LF:12
LH:12
BRF:0
BRH:0
end_of_record
TN:
SF:src/routes/ordenesSugeridasIaRoutes.js
FNF:0
FNH:0
DA:1,1
DA:2,1
DA:3,1
DA:5,1
DA:6,1
DA:8,1
LF:6
LH:6
BRF:0
BRH:0
end_of_record
TN:
SF:src/routes/productosRoutes.js
FNF:0
FNH:0
DA:1,1
DA:2,1
DA:3,1
DA:5,1
DA:6,1
DA:7,1
DA:8,1
DA:9,1
DA:11,1
LF:9
LH:9
BRF:0
BRH:0
end_of_record
TN:
SF:src/routes/proveedoresRoutes.js
FNF:0
FNH:0
DA:1,1
DA:2,1
DA:3,1
DA:5,1
DA:6,1
DA:7,1
DA:8,1
DA:9,1
DA:11,1
LF:9
LH:9
BRF:0
BRH:0
end_of_record
TN:
SF:src/routes/usuariosRoutes.js
FNF:0
FNH:0
DA:2,1
DA:3,1
DA:4,1
DA:6,1
DA:7,1
DA:8,1
DA:9,1
DA:10,1
DA:12,1
LF:9
LH:9
BRF:0
BRH:0
end_of_record
TN:
SF:src/routes/ventasRoutes.js
FNF:0
FNH:0
DA:1,1
DA:2,1
DA:3,1
DA:5,1
DA:6,1
DA:8,1
LF:6
LH:6
BRF:0
BRH:0
end_of_record
TN:
SF:src/utils/db_utils.js
FN:3,execQuery
FN:4,(anonymous_1)
FN:5,(anonymous_2)
FN:7,(anonymous_3)
FNF:4
FNH:0
FNDA:0,execQuery
FNDA:0,(anonymous_1)
FNDA:0,(anonymous_2)
FNDA:0,(anonymous_3)
DA:1,0
DA:4,0
DA:5,0
DA:6,0
DA:7,0
DA:8,0
DA:9,0
DA:15,0
LF:8
LH:0
BRDA:3,0,0,0
BRDA:6,1,0,0
BRDA:6,1,1,0
BRDA:8,2,0,0
BRDA:8,2,1,0
BRF:5
BRH:0
end_of_record
